
/Users/ashleylibasci/IoTFolderLabs/WiFi/target/5.3.2/argon/WiFi.elf:     file format elf32-littlearm

Sections:
Idx Name          Size      VMA       LMA       File off  Algn
  0 .module_info  00000018  000b4000  000b4000  00004000  2**0
                  CONTENTS, ALLOC, LOAD, READONLY, DATA
  1 .dynalib      00000004  000b4018  000b4018  00004018  2**2
                  CONTENTS, ALLOC, LOAD, READONLY, DATA
  2 .text         00000e2c  000b401c  000b401c  0000401c  2**2
                  CONTENTS, ALLOC, LOAD, READONLY, CODE
  3 .note.gnu.build-id 00000024  000b4e48  000b4e48  00004e48  2**2
                  CONTENTS, ALLOC, LOAD, READONLY, DATA
  4 .data         0000006c  2003e670  000b4e6c  0000e670  2**2
                  CONTENTS, ALLOC, LOAD, DATA
  5 .bss          00000114  2003e6dc  2003e6dc  0001e6dc  2**2
                  ALLOC
  6 .backup       00000004  2003f400  000b4ed8  0000f400  2**2
                  CONTENTS, ALLOC, LOAD, DATA
  7 .module_info_product 00000006  000b4edc  000b4edc  00014edc  2**0
                  ALLOC
  8 .module_info_suffix 00000024  000b4ee2  000b4ee2  00014ee2  2**0
                  CONTENTS, ALLOC, LOAD, READONLY, DATA
  9 .module_info_crc 00000004  000b4f06  000b4f06  00014f06  2**0
                  CONTENTS, ALLOC, LOAD, READONLY, DATA
 10 .debug_info   000d35dc  00000000  00000000  00014f0a  2**0
                  CONTENTS, READONLY, DEBUGGING, OCTETS
 11 .debug_abbrev 0000c700  00000000  00000000  000e84e6  2**0
                  CONTENTS, READONLY, DEBUGGING, OCTETS
 12 .debug_loc    0002fd8b  00000000  00000000  000f4be6  2**0
                  CONTENTS, READONLY, DEBUGGING, OCTETS
 13 .debug_aranges 00002068  00000000  00000000  00124971  2**0
                  CONTENTS, READONLY, DEBUGGING, OCTETS
 14 .debug_ranges 00008f48  00000000  00000000  001269d9  2**0
                  CONTENTS, READONLY, DEBUGGING, OCTETS
 15 .debug_macro  0002f1cc  00000000  00000000  0012f921  2**0
                  CONTENTS, READONLY, DEBUGGING, OCTETS
 16 .debug_line   0002cc3a  00000000  00000000  0015eaed  2**0
                  CONTENTS, READONLY, DEBUGGING, OCTETS
 17 .debug_str    00132865  00000000  00000000  0018b727  2**0
                  CONTENTS, READONLY, DEBUGGING, OCTETS
 18 .debug_frame  00005c00  00000000  00000000  002bdf8c  2**2
                  CONTENTS, READONLY, DEBUGGING, OCTETS

Disassembly of section .text:

000b401c <strlen>:
   b401c:	4603      	mov	r3, r0
   b401e:	f813 2b01 	ldrb.w	r2, [r3], #1
   b4022:	2a00      	cmp	r2, #0
   b4024:	d1fb      	bne.n	b401e <strlen+0x2>
   b4026:	1a18      	subs	r0, r3, r0
   b4028:	3801      	subs	r0, #1
   b402a:	4770      	bx	lr

000b402c <module_user_pre_init>:
/**
 * Initializes this user module. Returns the start of the heap.
 */
void* module_user_pre_init() {

    if ( (&link_global_data_start!=&link_global_data_initial_values) && (link_global_data_size != 0))
   b402c:	4809      	ldr	r0, [pc, #36]	; (b4054 <module_user_pre_init+0x28>)
   b402e:	490a      	ldr	r1, [pc, #40]	; (b4058 <module_user_pre_init+0x2c>)
   b4030:	4288      	cmp	r0, r1
void* module_user_pre_init() {
   b4032:	b508      	push	{r3, lr}
    if ( (&link_global_data_start!=&link_global_data_initial_values) && (link_global_data_size != 0))
   b4034:	d005      	beq.n	b4042 <module_user_pre_init+0x16>
   b4036:	4a09      	ldr	r2, [pc, #36]	; (b405c <module_user_pre_init+0x30>)
   b4038:	4282      	cmp	r2, r0
   b403a:	d002      	beq.n	b4042 <module_user_pre_init+0x16>
    {
        memcpy(&link_global_data_start, &link_global_data_initial_values, link_global_data_size);
   b403c:	1a12      	subs	r2, r2, r0
   b403e:	f000 fd5f 	bl	b4b00 <memcpy>
    }

    memset(&link_bss_location, 0, link_bss_size );
   b4042:	4807      	ldr	r0, [pc, #28]	; (b4060 <module_user_pre_init+0x34>)
   b4044:	4a07      	ldr	r2, [pc, #28]	; (b4064 <module_user_pre_init+0x38>)
   b4046:	2100      	movs	r1, #0
   b4048:	1a12      	subs	r2, r2, r0
   b404a:	f000 fd67 	bl	b4b1c <memset>
    return &link_global_data_start;
}
   b404e:	4801      	ldr	r0, [pc, #4]	; (b4054 <module_user_pre_init+0x28>)
   b4050:	bd08      	pop	{r3, pc}
   b4052:	bf00      	nop
   b4054:	2003e670 	.word	0x2003e670
   b4058:	000b4e6c 	.word	0x000b4e6c
   b405c:	2003e6dc 	.word	0x2003e6dc
   b4060:	2003e6dc 	.word	0x2003e6dc
   b4064:	2003e7f0 	.word	0x2003e7f0

000b4068 <module_user_init>:
extern constructor_ptr_t link_constructors_location[];
extern constructor_ptr_t link_constructors_end;
#define link_constructors_size   ((unsigned long)&link_constructors_end  -  (unsigned long)&link_constructors_location )

void module_user_init()
{
   b4068:	b570      	push	{r4, r5, r6, lr}
    module_user_init_hook();

    // invoke constructors
    for (size_t ctor_num=0; ctor_num < link_constructors_size/sizeof(constructor_ptr_t); ctor_num++ )
   b406a:	4e07      	ldr	r6, [pc, #28]	; (b4088 <module_user_init+0x20>)
   b406c:	4c07      	ldr	r4, [pc, #28]	; (b408c <module_user_init+0x24>)
    module_user_init_hook();
   b406e:	f000 fccd 	bl	b4a0c <module_user_init_hook>
    for (size_t ctor_num=0; ctor_num < link_constructors_size/sizeof(constructor_ptr_t); ctor_num++ )
   b4072:	1ba4      	subs	r4, r4, r6
   b4074:	08a4      	lsrs	r4, r4, #2
   b4076:	2500      	movs	r5, #0
   b4078:	42ac      	cmp	r4, r5
   b407a:	d100      	bne.n	b407e <module_user_init+0x16>
    {
        link_constructors_location[ctor_num]();
    }
}
   b407c:	bd70      	pop	{r4, r5, r6, pc}
        link_constructors_location[ctor_num]();
   b407e:	f856 3b04 	ldr.w	r3, [r6], #4
   b4082:	4798      	blx	r3
    for (size_t ctor_num=0; ctor_num < link_constructors_size/sizeof(constructor_ptr_t); ctor_num++ )
   b4084:	3501      	adds	r5, #1
   b4086:	e7f7      	b.n	b4078 <module_user_init+0x10>
   b4088:	000b4e24 	.word	0x000b4e24
   b408c:	000b4e48 	.word	0x000b4e48

000b4090 <module_user_setup>:

/**
 * Export these functions with a fuller name so they don't clash with the setup/loop wrappers in the system module.
 */
void module_user_setup() {
    setup();
   b4090:	f000 b813 	b.w	b40ba <setup>

000b4094 <module_user_loop>:
}

void module_user_loop() {
   b4094:	b508      	push	{r3, lr}
    loop();
   b4096:	f000 f811 	bl	b40bc <loop>
    _post_loop();
}
   b409a:	e8bd 4008 	ldmia.w	sp!, {r3, lr}
    _post_loop();
   b409e:	f000 bc6d 	b.w	b497c <_post_loop>

000b40a2 <_Znaj>:
   b40a2:	f000 b935 	b.w	b4310 <malloc>

000b40a6 <_ZdlPvj>:
	free(p);
}

void operator delete(void *p, size_t size)
{
	free(p);
   b40a6:	f000 b93b 	b.w	b4320 <free>

000b40aa <__cxa_guard_acquire>:

/* Provide default implemenation for __cxa_guard_acquire() and
 * __cxa_guard_release(). Note: these must be revisited if a multitasking
 * OS is ported to this platform. */
__extension__ typedef int __guard __attribute__((mode (__DI__)));
int __cxa_guard_acquire(__guard *g) {return !*(char *)(g);};
   b40aa:	7800      	ldrb	r0, [r0, #0]
   b40ac:	fab0 f080 	clz	r0, r0
   b40b0:	0940      	lsrs	r0, r0, #5
   b40b2:	4770      	bx	lr

000b40b4 <__cxa_guard_release>:
void __cxa_guard_release (__guard *g) {*(char *)g = 1;};
   b40b4:	2301      	movs	r3, #1
   b40b6:	7003      	strb	r3, [r0, #0]
   b40b8:	4770      	bx	lr

000b40ba <setup>:
SYSTEM_THREAD(ENABLED);

void setup() {
 
}
   b40ba:	4770      	bx	lr

000b40bc <loop>:
   b40bc:	4770      	bx	lr

000b40be <_GLOBAL__sub_I_setup>:
SYSTEM_THREAD(ENABLED);
   b40be:	2100      	movs	r1, #0
   b40c0:	2001      	movs	r0, #1
   b40c2:	f000 b8a1 	b.w	b4208 <system_thread_set_state>
	...

000b40c8 <os_mutex_recursive_create>:
DYNALIB_FN(13, hal_concurrent, os_mutex_destroy, int(os_mutex_t))
DYNALIB_FN(14, hal_concurrent, os_mutex_lock, int(os_mutex_t))
DYNALIB_FN(15, hal_concurrent, os_mutex_trylock, int(os_mutex_t))
DYNALIB_FN(16, hal_concurrent, os_mutex_unlock, int(os_mutex_t))

DYNALIB_FN(17, hal_concurrent, os_mutex_recursive_create, int(os_mutex_recursive_t*))
   b40c8:	b508      	push	{r3, lr}
   b40ca:	4b02      	ldr	r3, [pc, #8]	; (b40d4 <os_mutex_recursive_create+0xc>)
   b40cc:	681b      	ldr	r3, [r3, #0]
   b40ce:	6c5b      	ldr	r3, [r3, #68]	; 0x44
   b40d0:	9301      	str	r3, [sp, #4]
   b40d2:	bd08      	pop	{r3, pc}
   b40d4:	00030248 	.word	0x00030248

000b40d8 <HAL_RNG_GetRandomNumber>:

DYNALIB_BEGIN(hal)

#if PLATFORM_ID > PLATFORM_GCC
DYNALIB_FN(0, hal, HAL_RNG_Configuration, void(void))
DYNALIB_FN(1, hal, HAL_RNG_GetRandomNumber, uint32_t(void))
   b40d8:	b508      	push	{r3, lr}
   b40da:	4b02      	ldr	r3, [pc, #8]	; (b40e4 <HAL_RNG_GetRandomNumber+0xc>)
   b40dc:	681b      	ldr	r3, [r3, #0]
   b40de:	685b      	ldr	r3, [r3, #4]
   b40e0:	9301      	str	r3, [sp, #4]
   b40e2:	bd08      	pop	{r3, pc}
   b40e4:	00030218 	.word	0x00030218

000b40e8 <HAL_Timer_Get_Milli_Seconds>:
#endif // PLATFORM_ID > PLATFORM_GCC

DYNALIB_FN(BASE_IDX + 0, hal, HAL_Delay_Milliseconds, void(uint32_t))
DYNALIB_FN(BASE_IDX + 1, hal, HAL_Delay_Microseconds, void(uint32_t))
DYNALIB_FN(BASE_IDX + 2, hal, HAL_Timer_Get_Micro_Seconds, system_tick_t(void))
DYNALIB_FN(BASE_IDX + 3, hal, HAL_Timer_Get_Milli_Seconds, system_tick_t(void))
   b40e8:	b508      	push	{r3, lr}
   b40ea:	4b02      	ldr	r3, [pc, #8]	; (b40f4 <HAL_Timer_Get_Milli_Seconds+0xc>)
   b40ec:	681b      	ldr	r3, [r3, #0]
   b40ee:	695b      	ldr	r3, [r3, #20]
   b40f0:	9301      	str	r3, [sp, #4]
   b40f2:	bd08      	pop	{r3, pc}
   b40f4:	00030218 	.word	0x00030218

000b40f8 <inet_inet_ntop>:
DYNALIB_FN(0, hal_inet, inet_inet_addr, in_addr_t(const char*))
DYNALIB_FN(1, hal_inet, inet_inet_aton, int(const char*, struct in_addr*))
DYNALIB_FN(2, hal_inet, inet_inet_network, in_addr_t(const char*))
DYNALIB_FN(3, hal_inet, inet_inet_ntoa, char*(struct in_addr))
DYNALIB_FN(4, hal_inet, inet_inet_ntoa_r, char*(struct in_addr, char*, socklen_t))
DYNALIB_FN(5, hal_inet, inet_inet_ntop, const char*(int, const void*, char*, socklen_t))
   b40f8:	b508      	push	{r3, lr}
   b40fa:	4b02      	ldr	r3, [pc, #8]	; (b4104 <inet_inet_ntop+0xc>)
   b40fc:	681b      	ldr	r3, [r3, #0]
   b40fe:	695b      	ldr	r3, [r3, #20]
   b4100:	9301      	str	r3, [sp, #4]
   b4102:	bd08      	pop	{r3, pc}
   b4104:	00030264 	.word	0x00030264

000b4108 <netdb_freeaddrinfo>:

DYNALIB_BEGIN(hal_netdb)

DYNALIB_FN(0, hal_netdb, netdb_gethostbyname, struct hostent*(const char*))
DYNALIB_FN(1, hal_netdb, netdb_gethostbyname_r, int(const char*, struct hostent*, char*, size_t, struct hostent**, int*))
DYNALIB_FN(2, hal_netdb, netdb_freeaddrinfo, void(struct addrinfo*))
   b4108:	b508      	push	{r3, lr}
   b410a:	4b02      	ldr	r3, [pc, #8]	; (b4114 <netdb_freeaddrinfo+0xc>)
   b410c:	681b      	ldr	r3, [r3, #0]
   b410e:	689b      	ldr	r3, [r3, #8]
   b4110:	9301      	str	r3, [sp, #4]
   b4112:	bd08      	pop	{r3, pc}
   b4114:	00030268 	.word	0x00030268

000b4118 <netdb_getaddrinfo>:
DYNALIB_FN(3, hal_netdb, netdb_getaddrinfo, int(const char*, const char*, const struct addrinfo*, struct addrinfo**))
   b4118:	b508      	push	{r3, lr}
   b411a:	4b02      	ldr	r3, [pc, #8]	; (b4124 <netdb_getaddrinfo+0xc>)
   b411c:	681b      	ldr	r3, [r3, #0]
   b411e:	68db      	ldr	r3, [r3, #12]
   b4120:	9301      	str	r3, [sp, #4]
   b4122:	bd08      	pop	{r3, pc}
   b4124:	00030268 	.word	0x00030268

000b4128 <hal_usart_write>:
#endif

DYNALIB_FN(BASE_IDX + 0, hal_usart, hal_usart_init, void(hal_usart_interface_t, hal_usart_ring_buffer_t*, hal_usart_ring_buffer_t*))
DYNALIB_FN(BASE_IDX + 1, hal_usart, hal_usart_begin, void(hal_usart_interface_t, uint32_t))
DYNALIB_FN(BASE_IDX + 2, hal_usart, hal_usart_end, void(hal_usart_interface_t))
DYNALIB_FN(BASE_IDX + 3, hal_usart, hal_usart_write, uint32_t(hal_usart_interface_t, uint8_t))
   b4128:	b508      	push	{r3, lr}
   b412a:	4b02      	ldr	r3, [pc, #8]	; (b4134 <hal_usart_write+0xc>)
   b412c:	681b      	ldr	r3, [r3, #0]
   b412e:	68db      	ldr	r3, [r3, #12]
   b4130:	9301      	str	r3, [sp, #4]
   b4132:	bd08      	pop	{r3, pc}
   b4134:	0003023c 	.word	0x0003023c

000b4138 <hal_usart_available>:
DYNALIB_FN(BASE_IDX + 4, hal_usart, hal_usart_available, int32_t(hal_usart_interface_t))
   b4138:	b508      	push	{r3, lr}
   b413a:	4b02      	ldr	r3, [pc, #8]	; (b4144 <hal_usart_available+0xc>)
   b413c:	681b      	ldr	r3, [r3, #0]
   b413e:	691b      	ldr	r3, [r3, #16]
   b4140:	9301      	str	r3, [sp, #4]
   b4142:	bd08      	pop	{r3, pc}
   b4144:	0003023c 	.word	0x0003023c

000b4148 <hal_usart_read>:
DYNALIB_FN(BASE_IDX + 5, hal_usart, hal_usart_read, int32_t(hal_usart_interface_t))
   b4148:	b508      	push	{r3, lr}
   b414a:	4b02      	ldr	r3, [pc, #8]	; (b4154 <hal_usart_read+0xc>)
   b414c:	681b      	ldr	r3, [r3, #0]
   b414e:	695b      	ldr	r3, [r3, #20]
   b4150:	9301      	str	r3, [sp, #4]
   b4152:	bd08      	pop	{r3, pc}
   b4154:	0003023c 	.word	0x0003023c

000b4158 <hal_usart_peek>:
DYNALIB_FN(BASE_IDX + 6, hal_usart, hal_usart_peek, int32_t(hal_usart_interface_t))
   b4158:	b508      	push	{r3, lr}
   b415a:	4b02      	ldr	r3, [pc, #8]	; (b4164 <hal_usart_peek+0xc>)
   b415c:	681b      	ldr	r3, [r3, #0]
   b415e:	699b      	ldr	r3, [r3, #24]
   b4160:	9301      	str	r3, [sp, #4]
   b4162:	bd08      	pop	{r3, pc}
   b4164:	0003023c 	.word	0x0003023c

000b4168 <hal_usart_flush>:
DYNALIB_FN(BASE_IDX + 7, hal_usart, hal_usart_flush, void(hal_usart_interface_t))
   b4168:	b508      	push	{r3, lr}
   b416a:	4b02      	ldr	r3, [pc, #8]	; (b4174 <hal_usart_flush+0xc>)
   b416c:	681b      	ldr	r3, [r3, #0]
   b416e:	69db      	ldr	r3, [r3, #28]
   b4170:	9301      	str	r3, [sp, #4]
   b4172:	bd08      	pop	{r3, pc}
   b4174:	0003023c 	.word	0x0003023c

000b4178 <hal_usart_available_data_for_write>:
DYNALIB_FN(BASE_IDX + 8, hal_usart, hal_usart_is_enabled, bool(hal_usart_interface_t))
DYNALIB_FN(BASE_IDX + 9, hal_usart, hal_usart_half_duplex, void(hal_usart_interface_t, bool))
DYNALIB_FN(BASE_IDX + 10, hal_usart, hal_usart_available_data_for_write, int32_t(hal_usart_interface_t))
   b4178:	b508      	push	{r3, lr}
   b417a:	4b02      	ldr	r3, [pc, #8]	; (b4184 <hal_usart_available_data_for_write+0xc>)
   b417c:	681b      	ldr	r3, [r3, #0]
   b417e:	6a9b      	ldr	r3, [r3, #40]	; 0x28
   b4180:	9301      	str	r3, [sp, #4]
   b4182:	bd08      	pop	{r3, pc}
   b4184:	0003023c 	.word	0x0003023c

000b4188 <hal_usart_init_ex>:
DYNALIB_FN(BASE_IDX2 + 0, hal_usart, hal_usart_begin_config, void(hal_usart_interface_t serial, uint32_t baud, uint32_t config, void *ptr))
DYNALIB_FN(BASE_IDX2 + 1, hal_usart, hal_usart_write_nine_bits, uint32_t(hal_usart_interface_t serial, uint16_t data))
DYNALIB_FN(BASE_IDX2 + 2, hal_usart, hal_usart_send_break, void(hal_usart_interface_t, void*))
DYNALIB_FN(BASE_IDX2 + 3, hal_usart, hal_usart_break_detected, uint8_t(hal_usart_interface_t))
DYNALIB_FN(BASE_IDX2 + 4, hal_usart, hal_usart_sleep, int(hal_usart_interface_t serial, bool, void*))
DYNALIB_FN(BASE_IDX2 + 5, hal_usart, hal_usart_init_ex, int(hal_usart_interface_t, const hal_usart_buffer_config_t*, void*))
   b4188:	b508      	push	{r3, lr}
   b418a:	4b02      	ldr	r3, [pc, #8]	; (b4194 <hal_usart_init_ex+0xc>)
   b418c:	681b      	ldr	r3, [r3, #0]
   b418e:	6c1b      	ldr	r3, [r3, #64]	; 0x40
   b4190:	9301      	str	r3, [sp, #4]
   b4192:	bd08      	pop	{r3, pc}
   b4194:	0003023c 	.word	0x0003023c

000b4198 <HAL_USB_USART_Init>:
// GNINRAW

DYNALIB_BEGIN(hal_usb)

#ifdef USB_CDC_ENABLE
DYNALIB_FN(0, hal_usb, HAL_USB_USART_Init, void(HAL_USB_USART_Serial, const HAL_USB_USART_Config*))
   b4198:	b508      	push	{r3, lr}
   b419a:	4b02      	ldr	r3, [pc, #8]	; (b41a4 <HAL_USB_USART_Init+0xc>)
   b419c:	681b      	ldr	r3, [r3, #0]
   b419e:	681b      	ldr	r3, [r3, #0]
   b41a0:	9301      	str	r3, [sp, #4]
   b41a2:	bd08      	pop	{r3, pc}
   b41a4:	0003024c 	.word	0x0003024c

000b41a8 <HAL_USB_USART_Available_Data>:
DYNALIB_FN(1, hal_usb, HAL_USB_USART_Begin, void(HAL_USB_USART_Serial, uint32_t, void *))
DYNALIB_FN(2, hal_usb, HAL_USB_USART_End, void(HAL_USB_USART_Serial))
DYNALIB_FN(3, hal_usb, HAL_USB_USART_Baud_Rate, unsigned int(HAL_USB_USART_Serial))
DYNALIB_FN(4, hal_usb, HAL_USB_USART_Available_Data, int32_t(HAL_USB_USART_Serial))
   b41a8:	b508      	push	{r3, lr}
   b41aa:	4b02      	ldr	r3, [pc, #8]	; (b41b4 <HAL_USB_USART_Available_Data+0xc>)
   b41ac:	681b      	ldr	r3, [r3, #0]
   b41ae:	691b      	ldr	r3, [r3, #16]
   b41b0:	9301      	str	r3, [sp, #4]
   b41b2:	bd08      	pop	{r3, pc}
   b41b4:	0003024c 	.word	0x0003024c

000b41b8 <HAL_USB_USART_Available_Data_For_Write>:
DYNALIB_FN(5, hal_usb, HAL_USB_USART_Available_Data_For_Write, int32_t(HAL_USB_USART_Serial))
   b41b8:	b508      	push	{r3, lr}
   b41ba:	4b02      	ldr	r3, [pc, #8]	; (b41c4 <HAL_USB_USART_Available_Data_For_Write+0xc>)
   b41bc:	681b      	ldr	r3, [r3, #0]
   b41be:	695b      	ldr	r3, [r3, #20]
   b41c0:	9301      	str	r3, [sp, #4]
   b41c2:	bd08      	pop	{r3, pc}
   b41c4:	0003024c 	.word	0x0003024c

000b41c8 <HAL_USB_USART_Receive_Data>:
DYNALIB_FN(6, hal_usb, HAL_USB_USART_Receive_Data, int32_t(HAL_USB_USART_Serial, uint8_t))
   b41c8:	b508      	push	{r3, lr}
   b41ca:	4b02      	ldr	r3, [pc, #8]	; (b41d4 <HAL_USB_USART_Receive_Data+0xc>)
   b41cc:	681b      	ldr	r3, [r3, #0]
   b41ce:	699b      	ldr	r3, [r3, #24]
   b41d0:	9301      	str	r3, [sp, #4]
   b41d2:	bd08      	pop	{r3, pc}
   b41d4:	0003024c 	.word	0x0003024c

000b41d8 <HAL_USB_USART_Send_Data>:
DYNALIB_FN(7, hal_usb, HAL_USB_USART_Send_Data, int32_t(HAL_USB_USART_Serial, uint8_t))
   b41d8:	b508      	push	{r3, lr}
   b41da:	4b02      	ldr	r3, [pc, #8]	; (b41e4 <HAL_USB_USART_Send_Data+0xc>)
   b41dc:	681b      	ldr	r3, [r3, #0]
   b41de:	69db      	ldr	r3, [r3, #28]
   b41e0:	9301      	str	r3, [sp, #4]
   b41e2:	bd08      	pop	{r3, pc}
   b41e4:	0003024c 	.word	0x0003024c

000b41e8 <HAL_USB_USART_Flush_Data>:
DYNALIB_FN(8, hal_usb, HAL_USB_USART_Flush_Data, void(HAL_USB_USART_Serial))
   b41e8:	b508      	push	{r3, lr}
   b41ea:	4b02      	ldr	r3, [pc, #8]	; (b41f4 <HAL_USB_USART_Flush_Data+0xc>)
   b41ec:	681b      	ldr	r3, [r3, #0]
   b41ee:	6a1b      	ldr	r3, [r3, #32]
   b41f0:	9301      	str	r3, [sp, #4]
   b41f2:	bd08      	pop	{r3, pc}
   b41f4:	0003024c 	.word	0x0003024c

000b41f8 <set_system_mode>:
#endif

DYNALIB_BEGIN(system)

DYNALIB_FN(0, system, system_mode, System_Mode_TypeDef(void))
DYNALIB_FN(1, system, set_system_mode, void(System_Mode_TypeDef))
   b41f8:	b508      	push	{r3, lr}
   b41fa:	4b02      	ldr	r3, [pc, #8]	; (b4204 <set_system_mode+0xc>)
   b41fc:	681b      	ldr	r3, [r3, #0]
   b41fe:	685b      	ldr	r3, [r3, #4]
   b4200:	9301      	str	r3, [sp, #4]
   b4202:	bd08      	pop	{r3, pc}
   b4204:	00030220 	.word	0x00030220

000b4208 <system_thread_set_state>:
DYNALIB_FN(6, system, system_sleep, int(Spark_Sleep_TypeDef, long, uint32_t, void*))
DYNALIB_FN(7, system, system_sleep_pin, int(uint16_t, uint16_t, long, uint32_t, void*))
DYNALIB_FN(8, system, system_subscribe_event, int(system_event_t, system_event_handler_t*, SystemEventContext*))
DYNALIB_FN(9, system, system_unsubscribe_event, void(system_event_t, system_event_handler_t*, const SystemEventContext*))
DYNALIB_FN(10, system, system_button_pushed_duration, uint16_t(uint8_t, void*))
DYNALIB_FN(11, system, system_thread_set_state, void(spark::feature::State, void*))
   b4208:	b508      	push	{r3, lr}
   b420a:	4b02      	ldr	r3, [pc, #8]	; (b4214 <system_thread_set_state+0xc>)
   b420c:	681b      	ldr	r3, [r3, #0]
   b420e:	6adb      	ldr	r3, [r3, #44]	; 0x2c
   b4210:	9301      	str	r3, [sp, #4]
   b4212:	bd08      	pop	{r3, pc}
   b4214:	00030220 	.word	0x00030220

000b4218 <system_ctrl_set_app_request_handler>:
DYNALIB_FN(BASE_IDX + 6, system, led_pattern_period, uint16_t(int, int, void*))
DYNALIB_FN(BASE_IDX + 7, system, system_set_tester_handlers, int(system_tester_handlers_t*, void*))
DYNALIB_FN(BASE_IDX + 8, system, system_format_diag_data, int(const uint16_t*, size_t, unsigned, appender_fn, void*, void*))

// Control requests
DYNALIB_FN(BASE_IDX + 9, system, system_ctrl_set_app_request_handler, int(ctrl_request_handler_fn, void*))
   b4218:	b508      	push	{r3, lr}
   b421a:	4b03      	ldr	r3, [pc, #12]	; (b4228 <system_ctrl_set_app_request_handler+0x10>)
   b421c:	681b      	ldr	r3, [r3, #0]
   b421e:	f8d3 3088 	ldr.w	r3, [r3, #136]	; 0x88
   b4222:	9301      	str	r3, [sp, #4]
   b4224:	bd08      	pop	{r3, pc}
   b4226:	0000      	.short	0x0000
   b4228:	00030220 	.word	0x00030220

000b422c <system_ctrl_set_result>:
DYNALIB_FN(BASE_IDX + 10, system, system_ctrl_alloc_reply_data, int(ctrl_request*, size_t, void*))
DYNALIB_FN(BASE_IDX + 11, system, system_ctrl_free_request_data, void(ctrl_request*, void*))
DYNALIB_FN(BASE_IDX + 12, system, system_ctrl_set_result, void(ctrl_request*, int, ctrl_completion_handler_fn, void*, void*))
   b422c:	b508      	push	{r3, lr}
   b422e:	4b03      	ldr	r3, [pc, #12]	; (b423c <system_ctrl_set_result+0x10>)
   b4230:	681b      	ldr	r3, [r3, #0]
   b4232:	f8d3 3094 	ldr.w	r3, [r3, #148]	; 0x94
   b4236:	9301      	str	r3, [sp, #4]
   b4238:	bd08      	pop	{r3, pc}
   b423a:	0000      	.short	0x0000
   b423c:	00030220 	.word	0x00030220

000b4240 <spark_set_random_seed_from_cloud_handler>:
DYNALIB_FN(10, system_cloud, spark_unsubscribe, void(void*))
DYNALIB_FN(11, system_cloud, spark_sync_time, bool(void*))
DYNALIB_FN(12, system_cloud, spark_sync_time_pending, bool(void*))
DYNALIB_FN(13, system_cloud, spark_sync_time_last, system_tick_t(time32_t*, time_t*))
DYNALIB_FN(14, system_cloud, spark_set_connection_property, int(unsigned, unsigned, const void*, void*))
DYNALIB_FN(15, system_cloud, spark_set_random_seed_from_cloud_handler, int(void (*handler)(unsigned int), void*))
   b4240:	b508      	push	{r3, lr}
   b4242:	4b02      	ldr	r3, [pc, #8]	; (b424c <spark_set_random_seed_from_cloud_handler+0xc>)
   b4244:	681b      	ldr	r3, [r3, #0]
   b4246:	6bdb      	ldr	r3, [r3, #60]	; 0x3c
   b4248:	9301      	str	r3, [sp, #4]
   b424a:	bd08      	pop	{r3, pc}
   b424c:	00030244 	.word	0x00030244

000b4250 <network_connect>:
#endif

DYNALIB_BEGIN(system_net)

DYNALIB_FN(0, system_net, network_config, const void*(network_handle_t, uint32_t, void*))
DYNALIB_FN(1, system_net, network_connect, void(network_handle_t, uint32_t, uint32_t, void*))
   b4250:	b508      	push	{r3, lr}
   b4252:	4b02      	ldr	r3, [pc, #8]	; (b425c <network_connect+0xc>)
   b4254:	681b      	ldr	r3, [r3, #0]
   b4256:	685b      	ldr	r3, [r3, #4]
   b4258:	9301      	str	r3, [sp, #4]
   b425a:	bd08      	pop	{r3, pc}
   b425c:	00030240 	.word	0x00030240

000b4260 <network_connecting>:
DYNALIB_FN(2, system_net, network_connecting, bool(network_handle_t, uint32_t, void*))
   b4260:	b508      	push	{r3, lr}
   b4262:	4b02      	ldr	r3, [pc, #8]	; (b426c <network_connecting+0xc>)
   b4264:	681b      	ldr	r3, [r3, #0]
   b4266:	689b      	ldr	r3, [r3, #8]
   b4268:	9301      	str	r3, [sp, #4]
   b426a:	bd08      	pop	{r3, pc}
   b426c:	00030240 	.word	0x00030240

000b4270 <network_disconnect>:
DYNALIB_FN(3, system_net, network_disconnect, void(network_handle_t, uint32_t, void*))
   b4270:	b508      	push	{r3, lr}
   b4272:	4b02      	ldr	r3, [pc, #8]	; (b427c <network_disconnect+0xc>)
   b4274:	681b      	ldr	r3, [r3, #0]
   b4276:	68db      	ldr	r3, [r3, #12]
   b4278:	9301      	str	r3, [sp, #4]
   b427a:	bd08      	pop	{r3, pc}
   b427c:	00030240 	.word	0x00030240

000b4280 <network_ready>:
DYNALIB_FN(4, system_net, network_ready, bool(network_handle_t, uint32_t, void*))
   b4280:	b508      	push	{r3, lr}
   b4282:	4b02      	ldr	r3, [pc, #8]	; (b428c <network_ready+0xc>)
   b4284:	681b      	ldr	r3, [r3, #0]
   b4286:	691b      	ldr	r3, [r3, #16]
   b4288:	9301      	str	r3, [sp, #4]
   b428a:	bd08      	pop	{r3, pc}
   b428c:	00030240 	.word	0x00030240

000b4290 <network_on>:
DYNALIB_FN(5, system_net, network_on, void(network_handle_t, uint32_t, uint32_t, void*))
   b4290:	b508      	push	{r3, lr}
   b4292:	4b02      	ldr	r3, [pc, #8]	; (b429c <network_on+0xc>)
   b4294:	681b      	ldr	r3, [r3, #0]
   b4296:	695b      	ldr	r3, [r3, #20]
   b4298:	9301      	str	r3, [sp, #4]
   b429a:	bd08      	pop	{r3, pc}
   b429c:	00030240 	.word	0x00030240

000b42a0 <network_off>:
DYNALIB_FN(6, system_net, network_off, void(network_handle_t, uint32_t, uint32_t, void*))
   b42a0:	b508      	push	{r3, lr}
   b42a2:	4b02      	ldr	r3, [pc, #8]	; (b42ac <network_off+0xc>)
   b42a4:	681b      	ldr	r3, [r3, #0]
   b42a6:	699b      	ldr	r3, [r3, #24]
   b42a8:	9301      	str	r3, [sp, #4]
   b42aa:	bd08      	pop	{r3, pc}
   b42ac:	00030240 	.word	0x00030240

000b42b0 <network_listen>:
DYNALIB_FN(7, system_net, network_listen, void(network_handle_t, uint32_t, void*))
   b42b0:	b508      	push	{r3, lr}
   b42b2:	4b02      	ldr	r3, [pc, #8]	; (b42bc <network_listen+0xc>)
   b42b4:	681b      	ldr	r3, [r3, #0]
   b42b6:	69db      	ldr	r3, [r3, #28]
   b42b8:	9301      	str	r3, [sp, #4]
   b42ba:	bd08      	pop	{r3, pc}
   b42bc:	00030240 	.word	0x00030240

000b42c0 <network_listening>:
DYNALIB_FN(8, system_net, network_listening, bool(network_handle_t, uint32_t, void*))
   b42c0:	b508      	push	{r3, lr}
   b42c2:	4b02      	ldr	r3, [pc, #8]	; (b42cc <network_listening+0xc>)
   b42c4:	681b      	ldr	r3, [r3, #0]
   b42c6:	6a1b      	ldr	r3, [r3, #32]
   b42c8:	9301      	str	r3, [sp, #4]
   b42ca:	bd08      	pop	{r3, pc}
   b42cc:	00030240 	.word	0x00030240

000b42d0 <network_set_listen_timeout>:
DYNALIB_FN(9, system_net, network_has_credentials, bool(network_handle_t, uint32_t, void*))
DYNALIB_FN(10, system_net, network_set_credentials, int(network_handle_t, uint32_t, NetworkCredentials*, void*))
DYNALIB_FN(11, system_net, network_clear_credentials, bool(network_handle_t, uint32_t, NetworkCredentials*, void*))
DYNALIB_FN(12, system_net, network_set_listen_timeout, void(network_handle_t, uint16_t, void*))
   b42d0:	b508      	push	{r3, lr}
   b42d2:	4b02      	ldr	r3, [pc, #8]	; (b42dc <network_set_listen_timeout+0xc>)
   b42d4:	681b      	ldr	r3, [r3, #0]
   b42d6:	6b1b      	ldr	r3, [r3, #48]	; 0x30
   b42d8:	9301      	str	r3, [sp, #4]
   b42da:	bd08      	pop	{r3, pc}
   b42dc:	00030240 	.word	0x00030240

000b42e0 <network_get_listen_timeout>:
DYNALIB_FN(13, system_net, network_get_listen_timeout, uint16_t(network_handle_t, uint32_t, void*))
   b42e0:	b508      	push	{r3, lr}
   b42e2:	4b02      	ldr	r3, [pc, #8]	; (b42ec <network_get_listen_timeout+0xc>)
   b42e4:	681b      	ldr	r3, [r3, #0]
   b42e6:	6b5b      	ldr	r3, [r3, #52]	; 0x34
   b42e8:	9301      	str	r3, [sp, #4]
   b42ea:	bd08      	pop	{r3, pc}
   b42ec:	00030240 	.word	0x00030240

000b42f0 <network_is_on>:
DYNALIB_FN(14, system_net, network_set_hostname, int(network_handle_t, uint32_t, const char*, void*))
DYNALIB_FN(15, system_net, network_get_hostname, int(network_handle_t, uint32_t, char*, size_t, void*))
DYNALIB_FN(16, system_net, network_is_on, bool(network_handle_t, void*))
   b42f0:	b508      	push	{r3, lr}
   b42f2:	4b02      	ldr	r3, [pc, #8]	; (b42fc <network_is_on+0xc>)
   b42f4:	681b      	ldr	r3, [r3, #0]
   b42f6:	6c1b      	ldr	r3, [r3, #64]	; 0x40
   b42f8:	9301      	str	r3, [sp, #4]
   b42fa:	bd08      	pop	{r3, pc}
   b42fc:	00030240 	.word	0x00030240

000b4300 <network_is_off>:
DYNALIB_FN(17, system_net, network_is_off, bool(network_handle_t, void*))
   b4300:	b508      	push	{r3, lr}
   b4302:	4b02      	ldr	r3, [pc, #8]	; (b430c <network_is_off+0xc>)
   b4304:	681b      	ldr	r3, [r3, #0]
   b4306:	6c5b      	ldr	r3, [r3, #68]	; 0x44
   b4308:	9301      	str	r3, [sp, #4]
   b430a:	bd08      	pop	{r3, pc}
   b430c:	00030240 	.word	0x00030240

000b4310 <malloc>:
#include "hal_platform.h"
#endif // defined(DYNALIB_EXPORT) || (defined(DYNALIB_IMPORT) && !defined(RT_DYNALIB_NO_DEPENDENCY_BREAKING_IMPORTS))

DYNALIB_BEGIN(rt)

DYNALIB_FN(0, rt, malloc, void*(size_t))
   b4310:	b508      	push	{r3, lr}
   b4312:	4b02      	ldr	r3, [pc, #8]	; (b431c <malloc+0xc>)
   b4314:	681b      	ldr	r3, [r3, #0]
   b4316:	681b      	ldr	r3, [r3, #0]
   b4318:	9301      	str	r3, [sp, #4]
   b431a:	bd08      	pop	{r3, pc}
   b431c:	0003021c 	.word	0x0003021c

000b4320 <free>:
DYNALIB_FN(1, rt, free, void(void*))
   b4320:	b508      	push	{r3, lr}
   b4322:	4b02      	ldr	r3, [pc, #8]	; (b432c <free+0xc>)
   b4324:	681b      	ldr	r3, [r3, #0]
   b4326:	685b      	ldr	r3, [r3, #4]
   b4328:	9301      	str	r3, [sp, #4]
   b432a:	bd08      	pop	{r3, pc}
   b432c:	0003021c 	.word	0x0003021c

000b4330 <__assert_func>:
DYNALIB_FN(13, rt, _free_r, void(struct _reent*, void*))
DYNALIB_FN(14, rt, _realloc_r, void*(struct _reent*, void*, size_t))
DYNALIB_FN(15, rt, __errno, int*())

#if defined(DYNALIB_EXPORT) || (defined(DYNALIB_IMPORT) && !defined(RT_DYNALIB_NO_DEPENDENCY_BREAKING_IMPORTS))
DYNALIB_FN(16, rt, __assert_func, void(const char*, int, const char*, const char*))
   b4330:	b508      	push	{r3, lr}
   b4332:	4b02      	ldr	r3, [pc, #8]	; (b433c <__assert_func+0xc>)
   b4334:	681b      	ldr	r3, [r3, #0]
   b4336:	6c1b      	ldr	r3, [r3, #64]	; 0x40
   b4338:	9301      	str	r3, [sp, #4]
   b433a:	bd08      	pop	{r3, pc}
   b433c:	0003021c 	.word	0x0003021c

000b4340 <newlib_impure_ptr_callback>:
DYNALIB_FN(17, rt, newlib_impure_ptr_callback, void(void (*)(struct _reent*, size_t, uint32_t, void*), void*))
   b4340:	b508      	push	{r3, lr}
   b4342:	4b02      	ldr	r3, [pc, #8]	; (b434c <newlib_impure_ptr_callback+0xc>)
   b4344:	681b      	ldr	r3, [r3, #0]
   b4346:	6c5b      	ldr	r3, [r3, #68]	; 0x44
   b4348:	9301      	str	r3, [sp, #4]
   b434a:	bd08      	pop	{r3, pc}
   b434c:	0003021c 	.word	0x0003021c

000b4350 <_GLOBAL__sub_I__ZN8particle3ble13WiringBleLock6mutex_E>:
    /**
     * Creates a shared mutex.
     */
    RecursiveMutex(os_mutex_recursive_t handle) : handle_(handle) {}

    RecursiveMutex() : handle_(nullptr)
   b4350:	4802      	ldr	r0, [pc, #8]	; (b435c <_GLOBAL__sub_I__ZN8particle3ble13WiringBleLock6mutex_E+0xc>)
   b4352:	2300      	movs	r3, #0
   b4354:	6003      	str	r3, [r0, #0]
    {
        os_mutex_recursive_create(&handle_);
   b4356:	f7ff beb7 	b.w	b40c8 <os_mutex_recursive_create>
   b435a:	bf00      	nop
   b435c:	2003e6dc 	.word	0x2003e6dc

000b4360 <_ZN5spark13EthernetClass9listeningEv>:
    uint16_t getListenTimeout(void) {
        return network_get_listen_timeout(*this, 0, NULL);
    }

    bool listening(void) {
        return network_listening(*this, 0, NULL);
   b4360:	2200      	movs	r2, #0
   b4362:	6840      	ldr	r0, [r0, #4]
   b4364:	4611      	mov	r1, r2
   b4366:	f7ff bfab 	b.w	b42c0 <network_listening>

000b436a <_ZN5spark13EthernetClass16getListenTimeoutEv>:
        return network_get_listen_timeout(*this, 0, NULL);
   b436a:	2200      	movs	r2, #0
   b436c:	6840      	ldr	r0, [r0, #4]
   b436e:	4611      	mov	r1, r2
   b4370:	f7ff bfb6 	b.w	b42e0 <network_get_listen_timeout>

000b4374 <_ZN5spark13EthernetClass16setListenTimeoutEt>:
        network_set_listen_timeout(*this, timeout, NULL);
   b4374:	6840      	ldr	r0, [r0, #4]
   b4376:	2200      	movs	r2, #0
   b4378:	f7ff bfaa 	b.w	b42d0 <network_set_listen_timeout>

000b437c <_ZN5spark13EthernetClass6listenEb>:
        network_listen(*this, begin ? 0 : 1, NULL);
   b437c:	6840      	ldr	r0, [r0, #4]
   b437e:	2200      	movs	r2, #0
   b4380:	f081 0101 	eor.w	r1, r1, #1
   b4384:	f7ff bf94 	b.w	b42b0 <network_listen>

000b4388 <_ZN5spark13EthernetClass3offEv>:
        network_off(*this, 0, 0, NULL);
   b4388:	2300      	movs	r3, #0
   b438a:	6840      	ldr	r0, [r0, #4]
   b438c:	461a      	mov	r2, r3
   b438e:	4619      	mov	r1, r3
   b4390:	f7ff bf86 	b.w	b42a0 <network_off>

000b4394 <_ZN5spark13EthernetClass2onEv>:
        network_on(*this, 0, 0, NULL);
   b4394:	2300      	movs	r3, #0
   b4396:	6840      	ldr	r0, [r0, #4]
   b4398:	461a      	mov	r2, r3
   b439a:	4619      	mov	r1, r3
   b439c:	f7ff bf78 	b.w	b4290 <network_on>

000b43a0 <_ZN5spark13EthernetClass5readyEv>:
    }

    bool ready() {
        return network_ready(*this, 0,  NULL);
   b43a0:	2200      	movs	r2, #0
   b43a2:	6840      	ldr	r0, [r0, #4]
   b43a4:	4611      	mov	r1, r2
   b43a6:	f7ff bf6b 	b.w	b4280 <network_ready>

000b43aa <_ZN5spark13EthernetClass10connectingEv>:
        return network_connecting(*this, 0, NULL);
   b43aa:	2200      	movs	r2, #0
   b43ac:	6840      	ldr	r0, [r0, #4]
   b43ae:	4611      	mov	r1, r2
   b43b0:	f7ff bf56 	b.w	b4260 <network_connecting>

000b43b4 <_ZN5spark13EthernetClass10disconnectEv>:
        network_disconnect(*this, NETWORK_DISCONNECT_REASON_USER, NULL);
   b43b4:	6840      	ldr	r0, [r0, #4]
   b43b6:	2200      	movs	r2, #0
   b43b8:	2102      	movs	r1, #2
   b43ba:	f7ff bf59 	b.w	b4270 <network_disconnect>

000b43be <_ZN5spark13EthernetClass7connectEj>:
        network_connect(*this, flags, 0, NULL);
   b43be:	2300      	movs	r3, #0
   b43c0:	6840      	ldr	r0, [r0, #4]
   b43c2:	461a      	mov	r2, r3
   b43c4:	f7ff bf44 	b.w	b4250 <network_connect>

000b43c8 <_GLOBAL__sub_I__ZN5spark8EthernetE>:
    static NetworkClass& from(network_interface_t nif);

    virtual IPAddress resolve(const char* name);

    explicit NetworkClass(network_interface_t iface)
            : iface_(iface) {
   b43c8:	4b02      	ldr	r3, [pc, #8]	; (b43d4 <_GLOBAL__sub_I__ZN5spark8EthernetE+0xc>)
   b43ca:	2203      	movs	r2, #3
   b43cc:	605a      	str	r2, [r3, #4]
            NetworkClass(NETWORK_INTERFACE_ETHERNET) {
   b43ce:	4a02      	ldr	r2, [pc, #8]	; (b43d8 <_GLOBAL__sub_I__ZN5spark8EthernetE+0x10>)
   b43d0:	601a      	str	r2, [r3, #0]

namespace spark {

EthernetClass Ethernet;

} // spark
   b43d2:	4770      	bx	lr
   b43d4:	2003e6e0 	.word	0x2003e6e0
   b43d8:	000b4c70 	.word	0x000b4c70

000b43dc <_ZN9IPAddressD1Ev>:
    IPAddress(uint32_t address);
    // 4 bytes defining the IP address in network order
    IPAddress(const uint8_t* address);
    IPAddress(const HAL_IPAddress& address);

    virtual ~IPAddress() {}
   b43dc:	4770      	bx	lr

000b43de <_ZN9IPAddressD0Ev>:
   b43de:	b510      	push	{r4, lr}
   b43e0:	2118      	movs	r1, #24
   b43e2:	4604      	mov	r4, r0
   b43e4:	f7ff fe5f 	bl	b40a6 <_ZdlPvj>
   b43e8:	4620      	mov	r0, r4
   b43ea:	bd10      	pop	{r4, pc}

000b43ec <_ZNK9IPAddress7printToER5Print>:
#endif // Wiring_IPv6
	return address.ipv4==that.address.ipv4;
}

size_t IPAddress::printTo(Print& p) const
{
   b43ec:	b5f0      	push	{r4, r5, r6, r7, lr}
#if Wiring_IPv6
#if HAL_USE_INET_HAL_POSIX
	if (address.v==6) {
   b43ee:	7d03      	ldrb	r3, [r0, #20]
   b43f0:	2b06      	cmp	r3, #6
{
   b43f2:	b08d      	sub	sp, #52	; 0x34
   b43f4:	460e      	mov	r6, r1
		char buf[INET6_ADDRSTRLEN+1];
		buf[0] = 0;
		inet_inet_ntop(AF_INET6, address.ipv6, buf, sizeof(buf));
   b43f6:	f100 0704 	add.w	r7, r0, #4
   b43fa:	f04f 0400 	mov.w	r4, #0
	if (address.v==6) {
   b43fe:	d012      	beq.n	b4426 <_ZNK9IPAddress7printToER5Print+0x3a>
   b4400:	f100 0508 	add.w	r5, r0, #8
            val = n;
        }
#if __GNUC__ >= 9
#pragma GCC diagnostic pop
#endif // __GNUC__ >= 9
        return printNumber(val, base) + t;
   b4404:	f815 1d01 	ldrb.w	r1, [r5, #-1]!
   b4408:	220a      	movs	r2, #10
   b440a:	4630      	mov	r0, r6
   b440c:	f000 f943 	bl	b4696 <_ZN5Print11printNumberEmh>
#else
#pragma message "HAL_USE_INET_HAL_POSIX is required for IPv6 support in IPAddress::printTo()"
#endif // HAL_USE_INET_HAL_POSIX
#endif // Wiring_IPv6
    size_t n = 0;
    for (int i = 0; i < 4; i++)
   b4410:	42af      	cmp	r7, r5
    {
        if (n)
            n += p.print('.');
        n += p.print((*this)[i], DEC);
   b4412:	4404      	add	r4, r0
    for (int i = 0; i < 4; i++)
   b4414:	d019      	beq.n	b444a <_ZNK9IPAddress7printToER5Print+0x5e>
        if (n)
   b4416:	2c00      	cmp	r4, #0
   b4418:	d0f4      	beq.n	b4404 <_ZNK9IPAddress7printToER5Print+0x18>
            n += p.print('.');
   b441a:	212e      	movs	r1, #46	; 0x2e
   b441c:	4630      	mov	r0, r6
   b441e:	f000 f937 	bl	b4690 <_ZN5Print5printEc>
   b4422:	4404      	add	r4, r0
   b4424:	e7ee      	b.n	b4404 <_ZNK9IPAddress7printToER5Print+0x18>
		inet_inet_ntop(AF_INET6, address.ipv6, buf, sizeof(buf));
   b4426:	232f      	movs	r3, #47	; 0x2f
   b4428:	466a      	mov	r2, sp
   b442a:	4639      	mov	r1, r7
   b442c:	200a      	movs	r0, #10
		buf[0] = 0;
   b442e:	f88d 4000 	strb.w	r4, [sp]
		inet_inet_ntop(AF_INET6, address.ipv6, buf, sizeof(buf));
   b4432:	f7ff fe61 	bl	b40f8 <inet_inet_ntop>
      return write((const uint8_t *)str, strlen(str));
   b4436:	4668      	mov	r0, sp
   b4438:	f7ff fdf0 	bl	b401c <strlen>
   b443c:	6833      	ldr	r3, [r6, #0]
   b443e:	4602      	mov	r2, r0
   b4440:	68db      	ldr	r3, [r3, #12]
   b4442:	4669      	mov	r1, sp
   b4444:	4630      	mov	r0, r6
   b4446:	4798      	blx	r3
   b4448:	4604      	mov	r4, r0
    }
    return n;
}
   b444a:	4620      	mov	r0, r4
   b444c:	b00d      	add	sp, #52	; 0x34
   b444e:	bdf0      	pop	{r4, r5, r6, r7, pc}

000b4450 <_ZN9IPAddressC1Ev>:
IPAddress::IPAddress()
   b4450:	b510      	push	{r4, lr}
   b4452:	4b05      	ldr	r3, [pc, #20]	; (b4468 <_ZN9IPAddressC1Ev+0x18>)
   b4454:	4604      	mov	r4, r0
        return address;
    }

    virtual size_t printTo(Print& p) const;

    void clear() { memset(&address, 0, sizeof (address)); }
   b4456:	2211      	movs	r2, #17
   b4458:	f840 3b04 	str.w	r3, [r0], #4
   b445c:	2100      	movs	r1, #0
   b445e:	f000 fb5d 	bl	b4b1c <memset>
}
   b4462:	4620      	mov	r0, r4
   b4464:	bd10      	pop	{r4, pc}
   b4466:	bf00      	nop
   b4468:	000b4cac 	.word	0x000b4cac

000b446c <_ZN9IPAddressC1ERK16_HAL_IPAddress_t>:
IPAddress::IPAddress(const HAL_IPAddress& address)
   b446c:	4603      	mov	r3, r0
   b446e:	4a07      	ldr	r2, [pc, #28]	; (b448c <_ZN9IPAddressC1ERK16_HAL_IPAddress_t+0x20>)
   b4470:	b510      	push	{r4, lr}
   b4472:	f843 2b04 	str.w	r2, [r3], #4
    memcpy(&this->address, &address, sizeof(address));
   b4476:	f101 0210 	add.w	r2, r1, #16
   b447a:	f851 4b04 	ldr.w	r4, [r1], #4
   b447e:	f843 4b04 	str.w	r4, [r3], #4
   b4482:	4291      	cmp	r1, r2
   b4484:	d1f9      	bne.n	b447a <_ZN9IPAddressC1ERK16_HAL_IPAddress_t+0xe>
   b4486:	780a      	ldrb	r2, [r1, #0]
   b4488:	701a      	strb	r2, [r3, #0]
}
   b448a:	bd10      	pop	{r4, pc}
   b448c:	000b4cac 	.word	0x000b4cac

000b4490 <_ZN9IPAddress8set_ipv4Ehhhh>:
{
   b4490:	b510      	push	{r4, lr}
    address.ipv4 = b0<<24 | b1 << 16 | b2 << 8 | b3;
   b4492:	f89d 4008 	ldrb.w	r4, [sp, #8]
   b4496:	ea44 2303 	orr.w	r3, r4, r3, lsl #8
   b449a:	ea43 4202 	orr.w	r2, r3, r2, lsl #16
   b449e:	ea42 6101 	orr.w	r1, r2, r1, lsl #24
        address.v = version;
   b44a2:	2304      	movs	r3, #4
   b44a4:	6041      	str	r1, [r0, #4]
   b44a6:	7503      	strb	r3, [r0, #20]
}
   b44a8:	bd10      	pop	{r4, pc}
	...

000b44ac <_ZN9IPAddressC1EPKh>:
IPAddress::IPAddress(const uint8_t* addr)
   b44ac:	b507      	push	{r0, r1, r2, lr}
   b44ae:	4b06      	ldr	r3, [pc, #24]	; (b44c8 <_ZN9IPAddressC1EPKh+0x1c>)
   b44b0:	6003      	str	r3, [r0, #0]
    set_ipv4(addr[0], addr[1], addr[2], addr[3]);
   b44b2:	78cb      	ldrb	r3, [r1, #3]
   b44b4:	9300      	str	r3, [sp, #0]
   b44b6:	788b      	ldrb	r3, [r1, #2]
   b44b8:	784a      	ldrb	r2, [r1, #1]
   b44ba:	7809      	ldrb	r1, [r1, #0]
   b44bc:	f7ff ffe8 	bl	b4490 <_ZN9IPAddress8set_ipv4Ehhhh>
}
   b44c0:	b003      	add	sp, #12
   b44c2:	f85d fb04 	ldr.w	pc, [sp], #4
   b44c6:	bf00      	nop
   b44c8:	000b4cac 	.word	0x000b4cac

000b44cc <_GLOBAL__sub_I__ZN5spark3LogE>:
    // This handler doesn't support direct logging
}

// spark::Logger
inline spark::Logger::Logger(const char *name) :
        name_(name) {
   b44cc:	4b01      	ldr	r3, [pc, #4]	; (b44d4 <_GLOBAL__sub_I__ZN5spark3LogE+0x8>)
   b44ce:	4a02      	ldr	r2, [pc, #8]	; (b44d8 <_GLOBAL__sub_I__ZN5spark3LogE+0xc>)
   b44d0:	601a      	str	r2, [r3, #0]
#if Wiring_LogConfig

// spark::
void spark::logProcessControlRequest(ctrl_request* req) {
    JSONRequestHandler::process(req);
}
   b44d2:	4770      	bx	lr
   b44d4:	2003e6e8 	.word	0x2003e6e8
   b44d8:	000b4cb8 	.word	0x000b4cb8

000b44dc <_ZN5spark12NetworkClass7connectEj>:
        return Network;
    }
}

void NetworkClass::connect(unsigned flags) {
    network_connect(*this, flags, 0, nullptr);
   b44dc:	2300      	movs	r3, #0
   b44de:	6840      	ldr	r0, [r0, #4]
   b44e0:	461a      	mov	r2, r3
   b44e2:	f7ff beb5 	b.w	b4250 <network_connect>

000b44e6 <_ZN5spark12NetworkClass10disconnectEv>:
}

void NetworkClass::disconnect() {
    network_disconnect(*this, NETWORK_DISCONNECT_REASON_USER, nullptr);
   b44e6:	6840      	ldr	r0, [r0, #4]
   b44e8:	2200      	movs	r2, #0
   b44ea:	2102      	movs	r1, #2
   b44ec:	f7ff bec0 	b.w	b4270 <network_disconnect>

000b44f0 <_ZN5spark12NetworkClass10connectingEv>:
}

bool NetworkClass::connecting() {
    return network_connecting(*this, 0, nullptr);
   b44f0:	2200      	movs	r2, #0
   b44f2:	6840      	ldr	r0, [r0, #4]
   b44f4:	4611      	mov	r1, r2
   b44f6:	f7ff beb3 	b.w	b4260 <network_connecting>

000b44fa <_ZN5spark12NetworkClass5readyEv>:
}

bool NetworkClass::ready() {
    return network_ready(*this, 0, nullptr);
   b44fa:	2200      	movs	r2, #0
   b44fc:	6840      	ldr	r0, [r0, #4]
   b44fe:	4611      	mov	r1, r2
   b4500:	f7ff bebe 	b.w	b4280 <network_ready>

000b4504 <_ZN5spark12NetworkClass2onEv>:
}

void NetworkClass::on() {
    network_on(*this, 0, 0, nullptr);
   b4504:	2300      	movs	r3, #0
   b4506:	6840      	ldr	r0, [r0, #4]
   b4508:	461a      	mov	r2, r3
   b450a:	4619      	mov	r1, r3
   b450c:	f7ff bec0 	b.w	b4290 <network_on>

000b4510 <_ZN5spark12NetworkClass3offEv>:
}

void NetworkClass::off() {
    network_off(*this, 0, 0, nullptr);
   b4510:	2300      	movs	r3, #0
   b4512:	6840      	ldr	r0, [r0, #4]
   b4514:	461a      	mov	r2, r3
   b4516:	4619      	mov	r1, r3
   b4518:	f7ff bec2 	b.w	b42a0 <network_off>

000b451c <_ZN5spark12NetworkClass4isOnEv>:
}

bool NetworkClass::isOn() {
    return network_is_on(*this, nullptr);
   b451c:	6840      	ldr	r0, [r0, #4]
   b451e:	2100      	movs	r1, #0
   b4520:	f7ff bee6 	b.w	b42f0 <network_is_on>

000b4524 <_ZN5spark12NetworkClass5isOffEv>:
}

bool NetworkClass::isOff() {
    return network_is_off(*this, nullptr);
   b4524:	6840      	ldr	r0, [r0, #4]
   b4526:	2100      	movs	r1, #0
   b4528:	f7ff beea 	b.w	b4300 <network_is_off>

000b452c <_ZN5spark12NetworkClass6listenEb>:
}

void NetworkClass::listen(bool begin) {
    network_listen(*this, begin ? 0 : 1, nullptr);
   b452c:	6840      	ldr	r0, [r0, #4]
   b452e:	2200      	movs	r2, #0
   b4530:	f081 0101 	eor.w	r1, r1, #1
   b4534:	f7ff bebc 	b.w	b42b0 <network_listen>

000b4538 <_ZN5spark12NetworkClass16setListenTimeoutEt>:
}

void NetworkClass::setListenTimeout(uint16_t timeout) {
    network_set_listen_timeout(*this, timeout, nullptr);
   b4538:	6840      	ldr	r0, [r0, #4]
   b453a:	2200      	movs	r2, #0
   b453c:	f7ff bec8 	b.w	b42d0 <network_set_listen_timeout>

000b4540 <_ZN5spark12NetworkClass16getListenTimeoutEv>:
}

uint16_t NetworkClass::getListenTimeout() {
    return network_get_listen_timeout(*this, 0, nullptr);
   b4540:	2200      	movs	r2, #0
   b4542:	6840      	ldr	r0, [r0, #4]
   b4544:	4611      	mov	r1, r2
   b4546:	f7ff becb 	b.w	b42e0 <network_get_listen_timeout>

000b454a <_ZN5spark12NetworkClass9listeningEv>:
}

bool NetworkClass::listening() {
    return network_listening(*this, 0, nullptr);
   b454a:	2200      	movs	r2, #0
   b454c:	6840      	ldr	r0, [r0, #4]
   b454e:	4611      	mov	r1, r2
   b4550:	f7ff beb6 	b.w	b42c0 <network_listening>

000b4554 <_ZN5spark12NetworkClass7resolveEPKc>:
}

IPAddress NetworkClass::resolve(const char* name) {
   b4554:	e92d 43f0 	stmdb	sp!, {r4, r5, r6, r7, r8, r9, lr}
   b4558:	b095      	sub	sp, #84	; 0x54
   b455a:	4614      	mov	r4, r2
   b455c:	460d      	mov	r5, r1
   b455e:	4607      	mov	r7, r0
    IPAddress addr;
   b4560:	f7ff ff76 	bl	b4450 <_ZN9IPAddressC1Ev>
#if HAL_USE_INET_HAL_POSIX
    struct addrinfo *ai = nullptr;
   b4564:	2100      	movs	r1, #0
    struct addrinfo hints = {};
   b4566:	221c      	movs	r2, #28
   b4568:	a80d      	add	r0, sp, #52	; 0x34
    struct addrinfo *ai = nullptr;
   b456a:	9100      	str	r1, [sp, #0]
    struct addrinfo hints = {};
   b456c:	f000 fad6 	bl	b4b1c <memset>
    hints.ai_flags = AI_ADDRCONFIG;
   b4570:	2340      	movs	r3, #64	; 0x40
   b4572:	930c      	str	r3, [sp, #48]	; 0x30
    hints.ai_family = AF_UNSPEC;
    const int r = getaddrinfo(name, nullptr, &hints, &ai);
   b4574:	4620      	mov	r0, r4
   b4576:	466b      	mov	r3, sp
   b4578:	aa0c      	add	r2, sp, #48	; 0x30
   b457a:	2100      	movs	r1, #0
   b457c:	f7ff fdcc 	bl	b4118 <netdb_getaddrinfo>
    if (!r) {
   b4580:	4604      	mov	r4, r0
   b4582:	2800      	cmp	r0, #0
   b4584:	d14b      	bne.n	b461e <_ZN5spark12NetworkClass7resolveEPKc+0xca>
        bool ok = false;
        // This is not really needed if AI_ADDRCONFIG is properly supported
        bool ipv4 = network_ready(*this, NETWORK_READY_TYPE_IPV4, nullptr);
   b4586:	4602      	mov	r2, r0
   b4588:	2101      	movs	r1, #1
   b458a:	6868      	ldr	r0, [r5, #4]
   b458c:	f7ff fe78 	bl	b4280 <network_ready>
        bool ipv6 = network_ready(*this, NETWORK_READY_TYPE_IPV6, nullptr);
   b4590:	2102      	movs	r1, #2
        bool ipv4 = network_ready(*this, NETWORK_READY_TYPE_IPV4, nullptr);
   b4592:	4680      	mov	r8, r0
        bool ipv6 = network_ready(*this, NETWORK_READY_TYPE_IPV6, nullptr);
   b4594:	4622      	mov	r2, r4
   b4596:	6868      	ldr	r0, [r5, #4]
   b4598:	f7ff fe72 	bl	b4280 <network_ready>
        for (auto cur = ai; cur != nullptr && !ok; cur = cur->ai_next) {
   b459c:	9e00      	ldr	r6, [sp, #0]
        bool ipv6 = network_ready(*this, NETWORK_READY_TYPE_IPV6, nullptr);
   b459e:	4681      	mov	r9, r0
        bool ok = false;
   b45a0:	4621      	mov	r1, r4
        for (auto cur = ai; cur != nullptr && !ok; cur = cur->ai_next) {
   b45a2:	2e00      	cmp	r6, #0
   b45a4:	d03b      	beq.n	b461e <_ZN5spark12NetworkClass7resolveEPKc+0xca>
   b45a6:	2900      	cmp	r1, #0
   b45a8:	d139      	bne.n	b461e <_ZN5spark12NetworkClass7resolveEPKc+0xca>
            // NOTE: using only the first entry that matches the current state of IPv4/IPv6 connectivity
            switch (cur->ai_family) {
   b45aa:	6873      	ldr	r3, [r6, #4]
   b45ac:	2b02      	cmp	r3, #2
   b45ae:	d003      	beq.n	b45b8 <_ZN5spark12NetworkClass7resolveEPKc+0x64>
   b45b0:	2b0a      	cmp	r3, #10
   b45b2:	d011      	beq.n	b45d8 <_ZN5spark12NetworkClass7resolveEPKc+0x84>
        for (auto cur = ai; cur != nullptr && !ok; cur = cur->ai_next) {
   b45b4:	69f6      	ldr	r6, [r6, #28]
   b45b6:	e7f4      	b.n	b45a2 <_ZN5spark12NetworkClass7resolveEPKc+0x4e>
                case AF_INET: {
                    if (!ipv4) {
   b45b8:	f1b8 0f00 	cmp.w	r8, #0
   b45bc:	d0fa      	beq.n	b45b4 <_ZN5spark12NetworkClass7resolveEPKc+0x60>
                        continue;
                    }
                    // NOTE: HAL_IPAddress is little-endian
                    auto in = (struct sockaddr_in*)cur->ai_addr;
                    addr = (const uint8_t*)(&in->sin_addr.s_addr);
   b45be:	6971      	ldr	r1, [r6, #20]
        return *this = IPAddress(address);
   b45c0:	a806      	add	r0, sp, #24
   b45c2:	3104      	adds	r1, #4
class IPAddress : public Printable {
   b45c4:	ad07      	add	r5, sp, #28
        return *this = IPAddress(address);
   b45c6:	f7ff ff71 	bl	b44ac <_ZN9IPAddressC1EPKh>
class IPAddress : public Printable {
   b45ca:	cd0f      	ldmia	r5!, {r0, r1, r2, r3}
   b45cc:	1d3c      	adds	r4, r7, #4
   b45ce:	c40f      	stmia	r4!, {r0, r1, r2, r3}
   b45d0:	682b      	ldr	r3, [r5, #0]
   b45d2:	7023      	strb	r3, [r4, #0]
                    ok = true;
   b45d4:	4641      	mov	r1, r8
        return *this = IPAddress(address);
   b45d6:	e7ed      	b.n	b45b4 <_ZN5spark12NetworkClass7resolveEPKc+0x60>
                    break;
                }
                case AF_INET6: {
                    if (!ipv6) {
   b45d8:	f1b9 0f00 	cmp.w	r9, #0
   b45dc:	d0ea      	beq.n	b45b4 <_ZN5spark12NetworkClass7resolveEPKc+0x60>
                        continue;
                    }
                    auto in6 = (struct sockaddr_in6*)cur->ai_addr;
   b45de:	6974      	ldr	r4, [r6, #20]
                    HAL_IPAddress a = {};
   b45e0:	2210      	movs	r2, #16
   b45e2:	a801      	add	r0, sp, #4
   b45e4:	f000 fa9a 	bl	b4b1c <memset>
                    a.v = 6;
   b45e8:	2306      	movs	r3, #6
   b45ea:	f88d 3014 	strb.w	r3, [sp, #20]
                    memcpy(a.ipv6, in6->sin6_addr.s6_addr, sizeof(a.ipv6));
   b45ee:	ad01      	add	r5, sp, #4
   b45f0:	f104 0308 	add.w	r3, r4, #8
   b45f4:	3418      	adds	r4, #24
   b45f6:	6818      	ldr	r0, [r3, #0]
   b45f8:	6859      	ldr	r1, [r3, #4]
   b45fa:	462a      	mov	r2, r5
   b45fc:	c203      	stmia	r2!, {r0, r1}
   b45fe:	3308      	adds	r3, #8
   b4600:	42a3      	cmp	r3, r4
   b4602:	4615      	mov	r5, r2
   b4604:	d1f7      	bne.n	b45f6 <_ZN5spark12NetworkClass7resolveEPKc+0xa2>
                    addr = IPAddress(a);
   b4606:	a901      	add	r1, sp, #4
   b4608:	a806      	add	r0, sp, #24
class IPAddress : public Printable {
   b460a:	ad07      	add	r5, sp, #28
   b460c:	f7ff ff2e 	bl	b446c <_ZN9IPAddressC1ERK16_HAL_IPAddress_t>
   b4610:	cd0f      	ldmia	r5!, {r0, r1, r2, r3}
   b4612:	1d3c      	adds	r4, r7, #4
   b4614:	c40f      	stmia	r4!, {r0, r1, r2, r3}
   b4616:	682b      	ldr	r3, [r5, #0]
   b4618:	7023      	strb	r3, [r4, #0]
                    ok = true;
   b461a:	4649      	mov	r1, r9
   b461c:	e7ca      	b.n	b45b4 <_ZN5spark12NetworkClass7resolveEPKc+0x60>
                    break;
                }
            }
        }
    }
    freeaddrinfo(ai);
   b461e:	9800      	ldr	r0, [sp, #0]
   b4620:	f7ff fd72 	bl	b4108 <netdb_freeaddrinfo>
    return Cellular.resolve(name);
#endif // Wiring_Cellular

#endif // HAL_USE_INET_HAL_POSIX
    return addr;
}
   b4624:	4638      	mov	r0, r7
   b4626:	b015      	add	sp, #84	; 0x54
   b4628:	e8bd 83f0 	ldmia.w	sp!, {r4, r5, r6, r7, r8, r9, pc}

000b462c <_GLOBAL__sub_I__ZN5spark7NetworkE>:
   b462c:	4b02      	ldr	r3, [pc, #8]	; (b4638 <_GLOBAL__sub_I__ZN5spark7NetworkE+0xc>)
   b462e:	4a03      	ldr	r2, [pc, #12]	; (b463c <_GLOBAL__sub_I__ZN5spark7NetworkE+0x10>)
   b4630:	601a      	str	r2, [r3, #0]
   b4632:	2200      	movs	r2, #0
   b4634:	605a      	str	r2, [r3, #4]
    network_free_configuration(c, count, nullptr);
    return res;
}
#endif // HAL_USE_SOCKET_HAL_POSIX

} // spark
   b4636:	4770      	bx	lr
   b4638:	2003e6ec 	.word	0x2003e6ec
   b463c:	000b4cc4 	.word	0x000b4cc4

000b4640 <_ZN5Print5writeEPKhj>:

// Public Methods //////////////////////////////////////////////////////////////

/* default implementation: may be overridden */
size_t Print::write(const uint8_t *buffer, size_t size)
{
   b4640:	b5f8      	push	{r3, r4, r5, r6, r7, lr}
   b4642:	4606      	mov	r6, r0
   b4644:	460d      	mov	r5, r1
  size_t n = 0;
   b4646:	188f      	adds	r7, r1, r2
   b4648:	2400      	movs	r4, #0
  while (size--) {
   b464a:	42bd      	cmp	r5, r7
   b464c:	d00c      	beq.n	b4668 <_ZN5Print5writeEPKhj+0x28>
     int chunk = write(*buffer++);
   b464e:	6833      	ldr	r3, [r6, #0]
   b4650:	f815 1b01 	ldrb.w	r1, [r5], #1
   b4654:	689b      	ldr	r3, [r3, #8]
   b4656:	4630      	mov	r0, r6
   b4658:	4798      	blx	r3
     if (chunk>=0)
   b465a:	1e03      	subs	r3, r0, #0
   b465c:	db01      	blt.n	b4662 <_ZN5Print5writeEPKhj+0x22>
         n += chunk;
   b465e:	441c      	add	r4, r3
  while (size--) {
   b4660:	e7f3      	b.n	b464a <_ZN5Print5writeEPKhj+0xa>
     int chunk = write(*buffer++);
   b4662:	2c00      	cmp	r4, #0
   b4664:	bf08      	it	eq
   b4666:	461c      	moveq	r4, r3
             n = chunk;
         break;
     }
  }
  return n;
}
   b4668:	4620      	mov	r0, r4
   b466a:	bdf8      	pop	{r3, r4, r5, r6, r7, pc}

000b466c <_ZN5Print5writeEPKc>:
    size_t write(const char *str) {
   b466c:	b513      	push	{r0, r1, r4, lr}
   b466e:	4604      	mov	r4, r0
    }
   b4670:	4608      	mov	r0, r1
      if (str == NULL) return 0;
   b4672:	b159      	cbz	r1, b468c <_ZN5Print5writeEPKc+0x20>
      return write((const uint8_t *)str, strlen(str));
   b4674:	9101      	str	r1, [sp, #4]
   b4676:	f7ff fcd1 	bl	b401c <strlen>
   b467a:	6823      	ldr	r3, [r4, #0]
   b467c:	9901      	ldr	r1, [sp, #4]
   b467e:	68db      	ldr	r3, [r3, #12]
   b4680:	4602      	mov	r2, r0
   b4682:	4620      	mov	r0, r4
    }
   b4684:	b002      	add	sp, #8
   b4686:	e8bd 4010 	ldmia.w	sp!, {r4, lr}
      return write((const uint8_t *)str, strlen(str));
   b468a:	4718      	bx	r3
    }
   b468c:	b002      	add	sp, #8
   b468e:	bd10      	pop	{r4, pc}

000b4690 <_ZN5Print5printEc>:
  return write(str);
}

size_t Print::print(char c)
{
  return write(c);
   b4690:	6803      	ldr	r3, [r0, #0]
   b4692:	689b      	ldr	r3, [r3, #8]
   b4694:	4718      	bx	r3

000b4696 <_ZN5Print11printNumberEmh>:
  return println(reinterpret_cast<const char*>(str));
}

// Private Methods /////////////////////////////////////////////////////////////

size_t Print::printNumber(unsigned long n, uint8_t base) {
   b4696:	b530      	push	{r4, r5, lr}
   b4698:	b08b      	sub	sp, #44	; 0x2c
  char buf[8 * sizeof(n) + 1]; // Assumes 8-bit chars plus zero byte.
  char *str = &buf[sizeof(buf) - 1];

  *str = '\0';
   b469a:	2300      	movs	r3, #0

  // prevent crash if called with base == 1
  if (base < 2) base = 10;
   b469c:	2a01      	cmp	r2, #1
  *str = '\0';
   b469e:	f88d 3024 	strb.w	r3, [sp, #36]	; 0x24
  if (base < 2) base = 10;
   b46a2:	bf98      	it	ls
   b46a4:	220a      	movls	r2, #10
   b46a6:	ac09      	add	r4, sp, #36	; 0x24

  do {
   decltype(n) m = n;
   n /= base;
   b46a8:	460d      	mov	r5, r1
   b46aa:	fbb1 f1f2 	udiv	r1, r1, r2
   char c = m - base * n;
   b46ae:	fb01 5312 	mls	r3, r1, r2, r5
   b46b2:	f003 03ff 	and.w	r3, r3, #255	; 0xff
   *--str = c < 10 ? c + '0' : c + 'A' - 10;
   b46b6:	2b09      	cmp	r3, #9
   b46b8:	bf94      	ite	ls
   b46ba:	3330      	addls	r3, #48	; 0x30
   b46bc:	3337      	addhi	r3, #55	; 0x37
   b46be:	b2db      	uxtb	r3, r3
  } while(n);
   b46c0:	42aa      	cmp	r2, r5
   *--str = c < 10 ? c + '0' : c + 'A' - 10;
   b46c2:	f804 3d01 	strb.w	r3, [r4, #-1]!
  } while(n);
   b46c6:	d9ef      	bls.n	b46a8 <_ZN5Print11printNumberEmh+0x12>

  return write(str);
   b46c8:	4621      	mov	r1, r4
   b46ca:	f7ff ffcf 	bl	b466c <_ZN5Print5writeEPKc>
}
   b46ce:	b00b      	add	sp, #44	; 0x2c
   b46d0:	bd30      	pop	{r4, r5, pc}
	...

000b46d4 <_GLOBAL__sub_I_RGB>:
	static void
	_M_init_functor(_Any_data& __functor, _Functor&& __f, false_type)
	{ __functor._M_access<_Functor*>() = new _Functor(std::move(__f)); }
      };

    _Function_base() : _M_manager(nullptr) { }
   b46d4:	4b01      	ldr	r3, [pc, #4]	; (b46dc <_GLOBAL__sub_I_RGB+0x8>)
   b46d6:	2200      	movs	r2, #0
   b46d8:	609a      	str	r2, [r3, #8]
{
    RGBClass* const d = static_cast<RGBClass*>(data);
    if (d->changeHandler_) {
        d->changeHandler_(r, g, b);
    }
}
   b46da:	4770      	bx	lr
   b46dc:	2003e6f4 	.word	0x2003e6f4

000b46e0 <_GLOBAL__sub_I_System>:
} // namespace particle

// particle::Flag<TagT, ValueT>
template<typename TagT, typename ValueT>
inline particle::Flag<TagT, ValueT>::Flag(ValueT val) :
        val_(val) {
   b46e0:	4b05      	ldr	r3, [pc, #20]	; (b46f8 <_GLOBAL__sub_I_System+0x18>)
   b46e2:	2202      	movs	r2, #2
   b46e4:	601a      	str	r2, [r3, #0]

class SystemSleepResult {
public:
    SystemSleepResult()
            : wakeupSource_(nullptr),
              error_(SYSTEM_ERROR_NONE) {
   b46e6:	4b05      	ldr	r3, [pc, #20]	; (b46fc <_GLOBAL__sub_I_System+0x1c>)
    SleepResult() {}
   b46e8:	4a05      	ldr	r2, [pc, #20]	; (b4700 <_GLOBAL__sub_I_System+0x20>)
   b46ea:	609a      	str	r2, [r3, #8]
              error_(SYSTEM_ERROR_NONE) {
   b46ec:	2000      	movs	r0, #0
   b46ee:	e9c3 0000 	strd	r0, r0, [r3]

class SystemClass {
public:

    SystemClass(System_Mode_TypeDef mode = DEFAULT) {
        set_system_mode(mode);
   b46f2:	f7ff bd81 	b.w	b41f8 <set_system_mode>
   b46f6:	bf00      	nop
   b46f8:	2003e710 	.word	0x2003e710
   b46fc:	2003e704 	.word	0x2003e704
   b4700:	ffff0000 	.word	0xffff0000

000b4704 <_GLOBAL__sub_I_TIME_FORMAT_DEFAULT>:
            calendar_time_cache = Convert_UnixTime_To_CalendarTime(unix_time);
            unix_time_cache = unix_time;
    }
}

const char* TimeClass::format_spec = TIME_FORMAT_DEFAULT;
   b4704:	4b02      	ldr	r3, [pc, #8]	; (b4710 <_GLOBAL__sub_I_TIME_FORMAT_DEFAULT+0xc>)
   b4706:	681a      	ldr	r2, [r3, #0]
   b4708:	4b02      	ldr	r3, [pc, #8]	; (b4714 <_GLOBAL__sub_I_TIME_FORMAT_DEFAULT+0x10>)
   b470a:	601a      	str	r2, [r3, #0]
{
  return isValid();
}


TimeClass Time;
   b470c:	4770      	bx	lr
   b470e:	bf00      	nop
   b4710:	2003e670 	.word	0x2003e670
   b4714:	2003e714 	.word	0x2003e714

000b4718 <_ZN11USARTSerialD1Ev>:
private:
  hal_usart_interface_t _serial;
  bool _blocking;
public:
  USARTSerial(hal_usart_interface_t serial, const hal_usart_buffer_config_t& config);
  virtual ~USARTSerial() {};
   b4718:	4770      	bx	lr

000b471a <_ZN11USARTSerial14blockOnOverrunEb>:
    hal_usart_half_duplex(_serial, Enable);
}

void USARTSerial::blockOnOverrun(bool block)
{
  _blocking = block;
   b471a:	7441      	strb	r1, [r0, #17]
}
   b471c:	4770      	bx	lr

000b471e <_ZN11USARTSerial17availableForWriteEv>:


int USARTSerial::availableForWrite(void)
{
   b471e:	b508      	push	{r3, lr}
  return std::max(0, (int)hal_usart_available_data_for_write(_serial));
   b4720:	7c00      	ldrb	r0, [r0, #16]
   b4722:	f7ff fd29 	bl	b4178 <hal_usart_available_data_for_write>
}
   b4726:	ea20 70e0 	bic.w	r0, r0, r0, asr #31
   b472a:	bd08      	pop	{r3, pc}

000b472c <_ZN11USARTSerial9availableEv>:

int USARTSerial::available(void)
{
   b472c:	b508      	push	{r3, lr}
  return std::max(0, (int)hal_usart_available(_serial));
   b472e:	7c00      	ldrb	r0, [r0, #16]
   b4730:	f7ff fd02 	bl	b4138 <hal_usart_available>
}
   b4734:	ea20 70e0 	bic.w	r0, r0, r0, asr #31
   b4738:	bd08      	pop	{r3, pc}

000b473a <_ZN11USARTSerial4peekEv>:

int USARTSerial::peek(void)
{
   b473a:	b508      	push	{r3, lr}
  return std::max(-1, (int)hal_usart_peek(_serial));
   b473c:	7c00      	ldrb	r0, [r0, #16]
   b473e:	f7ff fd0b 	bl	b4158 <hal_usart_peek>
}
   b4742:	ea40 70e0 	orr.w	r0, r0, r0, asr #31
   b4746:	bd08      	pop	{r3, pc}

000b4748 <_ZN11USARTSerial4readEv>:

int USARTSerial::read(void)
{
   b4748:	b508      	push	{r3, lr}
  return std::max(-1, (int)hal_usart_read(_serial));
   b474a:	7c00      	ldrb	r0, [r0, #16]
   b474c:	f7ff fcfc 	bl	b4148 <hal_usart_read>
}
   b4750:	ea40 70e0 	orr.w	r0, r0, r0, asr #31
   b4754:	bd08      	pop	{r3, pc}

000b4756 <_ZN11USARTSerial5flushEv>:

void USARTSerial::flush()
{
  hal_usart_flush(_serial);
   b4756:	7c00      	ldrb	r0, [r0, #16]
   b4758:	f7ff bd06 	b.w	b4168 <hal_usart_flush>

000b475c <_ZN11USARTSerial5writeEh>:
}

size_t USARTSerial::write(uint8_t c)
{
   b475c:	b537      	push	{r0, r1, r2, r4, r5, lr}
  // attempt a write if blocking, or for non-blocking if there is room.
  if (_blocking || hal_usart_available_data_for_write(_serial) > 0) {
   b475e:	7c45      	ldrb	r5, [r0, #17]
{
   b4760:	4604      	mov	r4, r0
  if (_blocking || hal_usart_available_data_for_write(_serial) > 0) {
   b4762:	b12d      	cbz	r5, b4770 <_ZN11USARTSerial5writeEh+0x14>
    // the HAL always blocks.
	  return hal_usart_write(_serial, c);
   b4764:	7c20      	ldrb	r0, [r4, #16]
  }
  return 0;
}
   b4766:	b003      	add	sp, #12
   b4768:	e8bd 4030 	ldmia.w	sp!, {r4, r5, lr}
	  return hal_usart_write(_serial, c);
   b476c:	f7ff bcdc 	b.w	b4128 <hal_usart_write>
  if (_blocking || hal_usart_available_data_for_write(_serial) > 0) {
   b4770:	7c00      	ldrb	r0, [r0, #16]
   b4772:	9101      	str	r1, [sp, #4]
   b4774:	f7ff fd00 	bl	b4178 <hal_usart_available_data_for_write>
   b4778:	2800      	cmp	r0, #0
   b477a:	9901      	ldr	r1, [sp, #4]
   b477c:	dcf2      	bgt.n	b4764 <_ZN11USARTSerial5writeEh+0x8>
}
   b477e:	4628      	mov	r0, r5
   b4780:	b003      	add	sp, #12
   b4782:	bd30      	pop	{r4, r5, pc}

000b4784 <_ZN11USARTSerialD0Ev>:
   b4784:	b510      	push	{r4, lr}
   b4786:	2114      	movs	r1, #20
   b4788:	4604      	mov	r4, r0
   b478a:	f7ff fc8c 	bl	b40a6 <_ZdlPvj>
   b478e:	4620      	mov	r0, r4
   b4790:	bd10      	pop	{r4, pc}
	...

000b4794 <_ZN11USARTSerialC1E21hal_usart_interface_tRK25hal_usart_buffer_config_t>:
USARTSerial::USARTSerial(hal_usart_interface_t serial, const hal_usart_buffer_config_t& config)
   b4794:	b510      	push	{r4, lr}
    virtual int available() = 0;
    virtual int read() = 0;
    virtual int peek() = 0;
    virtual void flush() = 0;

    Stream() {_timeout=1000;}
   b4796:	f44f 737a 	mov.w	r3, #1000	; 0x3e8
   b479a:	4604      	mov	r4, r0
   b479c:	4608      	mov	r0, r1
   b479e:	4611      	mov	r1, r2
   b47a0:	2200      	movs	r2, #0
   b47a2:	e9c4 2301 	strd	r2, r3, [r4, #4]
   b47a6:	4b04      	ldr	r3, [pc, #16]	; (b47b8 <_ZN11USARTSerialC1E21hal_usart_interface_tRK25hal_usart_buffer_config_t+0x24>)
   b47a8:	6023      	str	r3, [r4, #0]
  _blocking = true;
   b47aa:	2301      	movs	r3, #1
  _serial = serial;
   b47ac:	7420      	strb	r0, [r4, #16]
  _blocking = true;
   b47ae:	7463      	strb	r3, [r4, #17]
  hal_usart_init_ex(serial, &config, nullptr);
   b47b0:	f7ff fcea 	bl	b4188 <hal_usart_init_ex>
}
   b47b4:	4620      	mov	r0, r4
   b47b6:	bd10      	pop	{r4, pc}
   b47b8:	000b4d1c 	.word	0x000b4d1c

000b47bc <_ZN9USBSerial14blockOnOverrunEb>:
  HAL_USB_USART_Flush_Data(_serial);
}

void USBSerial::blockOnOverrun(bool block)
{
  _blocking = block;
   b47bc:	7441      	strb	r1, [r0, #17]
}
   b47be:	4770      	bx	lr

000b47c0 <__tcf_0>:
}

USBSerial& _fetch_usbserial()
{
  HAL_USB_USART_Config conf = acquireSerialBuffer();
	static USBSerial _usbserial(HAL_USB_USART_SERIAL, conf);
   b47c0:	4770      	bx	lr

000b47c2 <_ZN9USBSerialD1Ev>:
#include "usb_hal.h"
#include "system_task.h"
#include "spark_wiring_startup.h"
#include "concurrent_hal.h"

class USBSerial : public Stream
   b47c2:	4770      	bx	lr

000b47c4 <_ZN9USBSerial4readEv>:
{
   b47c4:	b508      	push	{r3, lr}
	return std::max(-1, (int)HAL_USB_USART_Receive_Data(_serial, false));
   b47c6:	2100      	movs	r1, #0
   b47c8:	7c00      	ldrb	r0, [r0, #16]
   b47ca:	f7ff fcfd 	bl	b41c8 <HAL_USB_USART_Receive_Data>
}
   b47ce:	ea40 70e0 	orr.w	r0, r0, r0, asr #31
   b47d2:	bd08      	pop	{r3, pc}

000b47d4 <_ZN9USBSerial4peekEv>:
{
   b47d4:	b508      	push	{r3, lr}
	return std::max(-1, (int)HAL_USB_USART_Receive_Data(_serial, true));
   b47d6:	2101      	movs	r1, #1
   b47d8:	7c00      	ldrb	r0, [r0, #16]
   b47da:	f7ff fcf5 	bl	b41c8 <HAL_USB_USART_Receive_Data>
}
   b47de:	ea40 70e0 	orr.w	r0, r0, r0, asr #31
   b47e2:	bd08      	pop	{r3, pc}

000b47e4 <_ZN9USBSerial17availableForWriteEv>:
{
   b47e4:	b508      	push	{r3, lr}
  return std::max(0, (int)HAL_USB_USART_Available_Data_For_Write(_serial));
   b47e6:	7c00      	ldrb	r0, [r0, #16]
   b47e8:	f7ff fce6 	bl	b41b8 <HAL_USB_USART_Available_Data_For_Write>
}
   b47ec:	ea20 70e0 	bic.w	r0, r0, r0, asr #31
   b47f0:	bd08      	pop	{r3, pc}

000b47f2 <_ZN9USBSerial9availableEv>:
{
   b47f2:	b508      	push	{r3, lr}
	return std::max(0, (int)HAL_USB_USART_Available_Data(_serial));
   b47f4:	7c00      	ldrb	r0, [r0, #16]
   b47f6:	f7ff fcd7 	bl	b41a8 <HAL_USB_USART_Available_Data>
}
   b47fa:	ea20 70e0 	bic.w	r0, r0, r0, asr #31
   b47fe:	bd08      	pop	{r3, pc}

000b4800 <_ZN9USBSerial5writeEh>:
{
   b4800:	b513      	push	{r0, r1, r4, lr}
   b4802:	4604      	mov	r4, r0
  if (HAL_USB_USART_Available_Data_For_Write(_serial) > 0 || _blocking) {
   b4804:	7c00      	ldrb	r0, [r0, #16]
{
   b4806:	9101      	str	r1, [sp, #4]
  if (HAL_USB_USART_Available_Data_For_Write(_serial) > 0 || _blocking) {
   b4808:	f7ff fcd6 	bl	b41b8 <HAL_USB_USART_Available_Data_For_Write>
   b480c:	2800      	cmp	r0, #0
   b480e:	9901      	ldr	r1, [sp, #4]
   b4810:	dc01      	bgt.n	b4816 <_ZN9USBSerial5writeEh+0x16>
   b4812:	7c60      	ldrb	r0, [r4, #17]
   b4814:	b120      	cbz	r0, b4820 <_ZN9USBSerial5writeEh+0x20>
    return std::max(0, (int)HAL_USB_USART_Send_Data(_serial, byte));
   b4816:	7c20      	ldrb	r0, [r4, #16]
   b4818:	f7ff fcde 	bl	b41d8 <HAL_USB_USART_Send_Data>
   b481c:	ea20 70e0 	bic.w	r0, r0, r0, asr #31
}
   b4820:	b002      	add	sp, #8
   b4822:	bd10      	pop	{r4, pc}

000b4824 <_ZN9USBSerial5flushEv>:
  HAL_USB_USART_Flush_Data(_serial);
   b4824:	7c00      	ldrb	r0, [r0, #16]
   b4826:	f7ff bcdf 	b.w	b41e8 <HAL_USB_USART_Flush_Data>

000b482a <_ZN9USBSerialD0Ev>:
   b482a:	b510      	push	{r4, lr}
   b482c:	2114      	movs	r1, #20
   b482e:	4604      	mov	r4, r0
   b4830:	f7ff fc39 	bl	b40a6 <_ZdlPvj>
   b4834:	4620      	mov	r0, r4
   b4836:	bd10      	pop	{r4, pc}

000b4838 <_ZN9USBSerialC1E20HAL_USB_USART_SerialRK20HAL_USB_USART_Config>:
USBSerial::USBSerial(HAL_USB_USART_Serial serial, const HAL_USB_USART_Config& conf)
   b4838:	b510      	push	{r4, lr}
   b483a:	f44f 737a 	mov.w	r3, #1000	; 0x3e8
   b483e:	4604      	mov	r4, r0
   b4840:	4608      	mov	r0, r1
   b4842:	2100      	movs	r1, #0
   b4844:	e9c4 1301 	strd	r1, r3, [r4, #4]
   b4848:	4b04      	ldr	r3, [pc, #16]	; (b485c <_ZN9USBSerialC1E20HAL_USB_USART_SerialRK20HAL_USB_USART_Config+0x24>)
   b484a:	6023      	str	r3, [r4, #0]
  _blocking = true;
   b484c:	2301      	movs	r3, #1
  _serial = serial;
   b484e:	7420      	strb	r0, [r4, #16]
  _blocking = true;
   b4850:	7463      	strb	r3, [r4, #17]
  HAL_USB_USART_Init(_serial, &conf);
   b4852:	4611      	mov	r1, r2
   b4854:	f7ff fca0 	bl	b4198 <HAL_USB_USART_Init>
}
   b4858:	4620      	mov	r0, r4
   b485a:	bd10      	pop	{r4, pc}
   b485c:	000b4d4c 	.word	0x000b4d4c

000b4860 <_Z19acquireSerialBufferv>:
{
   b4860:	b510      	push	{r4, lr}
  HAL_USB_USART_Config conf = {};
   b4862:	2214      	movs	r2, #20
{
   b4864:	4604      	mov	r4, r0
  HAL_USB_USART_Config conf = {};
   b4866:	2100      	movs	r1, #0
   b4868:	f000 f958 	bl	b4b1c <memset>
}
   b486c:	4620      	mov	r0, r4
   b486e:	bd10      	pop	{r4, pc}

000b4870 <_Z16_fetch_usbserialv>:
{
   b4870:	b510      	push	{r4, lr}
	static USBSerial _usbserial(HAL_USB_USART_SERIAL, conf);
   b4872:	4c0f      	ldr	r4, [pc, #60]	; (b48b0 <_Z16_fetch_usbserialv+0x40>)
{
   b4874:	b088      	sub	sp, #32
  HAL_USB_USART_Config conf = acquireSerialBuffer();
   b4876:	a803      	add	r0, sp, #12
   b4878:	f7ff fff2 	bl	b4860 <_Z19acquireSerialBufferv>
	static USBSerial _usbserial(HAL_USB_USART_SERIAL, conf);
   b487c:	7821      	ldrb	r1, [r4, #0]
   b487e:	f3bf 8f5b 	dmb	ish
   b4882:	f011 0101 	ands.w	r1, r1, #1
   b4886:	d10f      	bne.n	b48a8 <_Z16_fetch_usbserialv+0x38>
   b4888:	4620      	mov	r0, r4
   b488a:	9101      	str	r1, [sp, #4]
   b488c:	f7ff fc0d 	bl	b40aa <__cxa_guard_acquire>
   b4890:	9901      	ldr	r1, [sp, #4]
   b4892:	b148      	cbz	r0, b48a8 <_Z16_fetch_usbserialv+0x38>
   b4894:	aa03      	add	r2, sp, #12
   b4896:	4807      	ldr	r0, [pc, #28]	; (b48b4 <_Z16_fetch_usbserialv+0x44>)
   b4898:	f7ff ffce 	bl	b4838 <_ZN9USBSerialC1E20HAL_USB_USART_SerialRK20HAL_USB_USART_Config>
   b489c:	4620      	mov	r0, r4
   b489e:	f7ff fc09 	bl	b40b4 <__cxa_guard_release>
   b48a2:	4805      	ldr	r0, [pc, #20]	; (b48b8 <_Z16_fetch_usbserialv+0x48>)
   b48a4:	f000 f926 	bl	b4af4 <atexit>
	return _usbserial;
}
   b48a8:	4802      	ldr	r0, [pc, #8]	; (b48b4 <_Z16_fetch_usbserialv+0x44>)
   b48aa:	b008      	add	sp, #32
   b48ac:	bd10      	pop	{r4, pc}
   b48ae:	bf00      	nop
   b48b0:	2003e718 	.word	0x2003e718
   b48b4:	2003e71c 	.word	0x2003e71c
   b48b8:	000b47c1 	.word	0x000b47c1

000b48bc <_ZN5spark9WiFiClass5readyEv>:
    bool connecting(void) {
        return network_connecting(*this, 0, NULL);
    }

    bool ready(void) {
        return network_ready(*this, 0, NULL);
   b48bc:	2200      	movs	r2, #0
   b48be:	6840      	ldr	r0, [r0, #4]
   b48c0:	4611      	mov	r1, r2
   b48c2:	f7ff bcdd 	b.w	b4280 <network_ready>

000b48c6 <_ZN5spark9WiFiClass9listeningEv>:
    uint16_t getListenTimeout(void) {
        return network_get_listen_timeout(*this, 0, NULL);
    }

    bool listening(void) {
        return network_listening(*this, 0, NULL);
   b48c6:	2200      	movs	r2, #0
   b48c8:	6840      	ldr	r0, [r0, #4]
   b48ca:	4611      	mov	r1, r2
   b48cc:	f7ff bcf8 	b.w	b42c0 <network_listening>

000b48d0 <_ZN5spark9WiFiClass16getListenTimeoutEv>:
        return network_get_listen_timeout(*this, 0, NULL);
   b48d0:	2200      	movs	r2, #0
   b48d2:	6840      	ldr	r0, [r0, #4]
   b48d4:	4611      	mov	r1, r2
   b48d6:	f7ff bd03 	b.w	b42e0 <network_get_listen_timeout>

000b48da <_ZN5spark9WiFiClass16setListenTimeoutEt>:
        network_set_listen_timeout(*this, timeout, NULL);
   b48da:	6840      	ldr	r0, [r0, #4]
   b48dc:	2200      	movs	r2, #0
   b48de:	f7ff bcf7 	b.w	b42d0 <network_set_listen_timeout>

000b48e2 <_ZN5spark9WiFiClass6listenEb>:
        network_listen(*this, begin ? 0 : 1, NULL);
   b48e2:	6840      	ldr	r0, [r0, #4]
   b48e4:	2200      	movs	r2, #0
   b48e6:	f081 0101 	eor.w	r1, r1, #1
   b48ea:	f7ff bce1 	b.w	b42b0 <network_listen>

000b48ee <_ZN5spark9WiFiClass3offEv>:
        network_off(*this, 0, 0, NULL);
   b48ee:	2300      	movs	r3, #0
   b48f0:	6840      	ldr	r0, [r0, #4]
   b48f2:	461a      	mov	r2, r3
   b48f4:	4619      	mov	r1, r3
   b48f6:	f7ff bcd3 	b.w	b42a0 <network_off>

000b48fa <_ZN5spark9WiFiClass2onEv>:
        network_on(*this, 0, 0, NULL);
   b48fa:	2300      	movs	r3, #0
   b48fc:	6840      	ldr	r0, [r0, #4]
   b48fe:	461a      	mov	r2, r3
   b4900:	4619      	mov	r1, r3
   b4902:	f7ff bcc5 	b.w	b4290 <network_on>

000b4906 <_ZN5spark9WiFiClass10connectingEv>:
        return network_connecting(*this, 0, NULL);
   b4906:	2200      	movs	r2, #0
   b4908:	6840      	ldr	r0, [r0, #4]
   b490a:	4611      	mov	r1, r2
   b490c:	f7ff bca8 	b.w	b4260 <network_connecting>

000b4910 <_ZN5spark9WiFiClass10disconnectEv>:
        network_disconnect(*this, NETWORK_DISCONNECT_REASON_USER, NULL);
   b4910:	6840      	ldr	r0, [r0, #4]
   b4912:	2200      	movs	r2, #0
   b4914:	2102      	movs	r1, #2
   b4916:	f7ff bcab 	b.w	b4270 <network_disconnect>

000b491a <_ZN5spark9WiFiClass7connectEj>:
        network_connect(*this, flags, 0, NULL);
   b491a:	2300      	movs	r3, #0
   b491c:	6840      	ldr	r0, [r0, #4]
   b491e:	461a      	mov	r2, r3
   b4920:	f7ff bc96 	b.w	b4250 <network_connect>

000b4924 <_GLOBAL__sub_I__ZN10WiFiSignalC2ERK21wlan_connected_info_t>:
   b4924:	4b02      	ldr	r3, [pc, #8]	; (b4930 <_GLOBAL__sub_I__ZN10WiFiSignalC2ERK21wlan_connected_info_t+0xc>)
   b4926:	2204      	movs	r2, #4
   b4928:	605a      	str	r2, [r3, #4]
            NetworkClass(NETWORK_INTERFACE_WIFI_STA) {
   b492a:	4a02      	ldr	r2, [pc, #8]	; (b4934 <_GLOBAL__sub_I__ZN10WiFiSignalC2ERK21wlan_connected_info_t+0x10>)
   b492c:	601a      	str	r2, [r3, #0]
the same way.
*****************************************************************************/

    WiFiClass WiFi;
    // NetworkClass& Network = WiFi;
}
   b492e:	4770      	bx	lr
   b4930:	2003e730 	.word	0x2003e730
   b4934:	000b4d7c 	.word	0x000b4d7c

000b4938 <_ZZ21module_user_init_hookENUlP6_reentjmPvE_4_FUNES0_jmS1_>:

void module_user_init_hook()
{
#if HAL_PLATFORM_NEWLIB
    newlib_impure_ptr_callback([](struct _reent* r, size_t size, uint32_t version, void* ctx) -> void {
        _impure_ptr = r;
   b4938:	4b01      	ldr	r3, [pc, #4]	; (b4940 <_ZZ21module_user_init_hookENUlP6_reentjmPvE_4_FUNES0_jmS1_+0x8>)
   b493a:	6018      	str	r0, [r3, #0]
    }, nullptr);
   b493c:	4770      	bx	lr
   b493e:	bf00      	nop
   b4940:	2003e674 	.word	0x2003e674

000b4944 <serialEventRun>:
{
   b4944:	b508      	push	{r3, lr}
    if (serialEvent && Serial.available()>0)
   b4946:	4b0b      	ldr	r3, [pc, #44]	; (b4974 <serialEventRun+0x30>)
   b4948:	b143      	cbz	r3, b495c <serialEventRun+0x18>
   b494a:	f7ff ff91 	bl	b4870 <_Z16_fetch_usbserialv>
   b494e:	6803      	ldr	r3, [r0, #0]
   b4950:	691b      	ldr	r3, [r3, #16]
   b4952:	4798      	blx	r3
   b4954:	2800      	cmp	r0, #0
   b4956:	dd01      	ble.n	b495c <serialEventRun+0x18>
        serialEvent();
   b4958:	f3af 8000 	nop.w
    if (serialEvent1 && Serial1.available()>0)
   b495c:	4b06      	ldr	r3, [pc, #24]	; (b4978 <serialEventRun+0x34>)
   b495e:	b143      	cbz	r3, b4972 <serialEventRun+0x2e>
   b4960:	f000 f8a2 	bl	b4aa8 <_Z22__fetch_global_Serial1v>
   b4964:	6803      	ldr	r3, [r0, #0]
   b4966:	691b      	ldr	r3, [r3, #16]
   b4968:	4798      	blx	r3
   b496a:	2800      	cmp	r0, #0
   b496c:	dd01      	ble.n	b4972 <serialEventRun+0x2e>
        serialEvent1();
   b496e:	f3af 8000 	nop.w
}
   b4972:	bd08      	pop	{r3, pc}
	...

000b497c <_post_loop>:
{
   b497c:	b508      	push	{r3, lr}
	serialEventRun();
   b497e:	f7ff ffe1 	bl	b4944 <serialEventRun>
		return !thread || !thread->isRunning();
	}

	static inline system_tick_t current_time()
	{
		return HAL_Timer_Get_Milli_Seconds();
   b4982:	f7ff fbb1 	bl	b40e8 <HAL_Timer_Get_Milli_Seconds>
	/**
	 * Lifesign that the application is still working normally.
	 */
	static void checkin()
	{
		last_checkin = current_time();
   b4986:	4b01      	ldr	r3, [pc, #4]	; (b498c <_post_loop+0x10>)
   b4988:	6018      	str	r0, [r3, #0]
}
   b498a:	bd08      	pop	{r3, pc}
   b498c:	2003e740 	.word	0x2003e740

000b4990 <_Z33system_initialize_user_backup_ramv>:
    memcpy(&link_global_retained_start, &link_global_retained_initial_values, len);
   b4990:	4805      	ldr	r0, [pc, #20]	; (b49a8 <_Z33system_initialize_user_backup_ramv+0x18>)
   b4992:	4a06      	ldr	r2, [pc, #24]	; (b49ac <_Z33system_initialize_user_backup_ramv+0x1c>)
   b4994:	4906      	ldr	r1, [pc, #24]	; (b49b0 <_Z33system_initialize_user_backup_ramv+0x20>)
{
   b4996:	b508      	push	{r3, lr}
    memcpy(&link_global_retained_start, &link_global_retained_initial_values, len);
   b4998:	1a12      	subs	r2, r2, r0
   b499a:	f000 f8b1 	bl	b4b00 <memcpy>
    __backup_sram_signature = signature;
   b499e:	4b05      	ldr	r3, [pc, #20]	; (b49b4 <_Z33system_initialize_user_backup_ramv+0x24>)
   b49a0:	4a05      	ldr	r2, [pc, #20]	; (b49b8 <_Z33system_initialize_user_backup_ramv+0x28>)
   b49a2:	601a      	str	r2, [r3, #0]
}
   b49a4:	bd08      	pop	{r3, pc}
   b49a6:	bf00      	nop
   b49a8:	2003f400 	.word	0x2003f400
   b49ac:	2003f404 	.word	0x2003f404
   b49b0:	000b4ed8 	.word	0x000b4ed8
   b49b4:	2003f400 	.word	0x2003f400
   b49b8:	9a271c1e 	.word	0x9a271c1e

000b49bc <_Z27ctrl_request_custom_handlerP12ctrl_request>:
void __attribute((weak)) ctrl_request_custom_handler(ctrl_request* req) {
   b49bc:	b507      	push	{r0, r1, r2, lr}
    system_ctrl_set_result(req, SYSTEM_ERROR_NOT_SUPPORTED, nullptr, nullptr, nullptr);
   b49be:	2300      	movs	r3, #0
   b49c0:	9300      	str	r3, [sp, #0]
   b49c2:	461a      	mov	r2, r3
   b49c4:	f06f 0177 	mvn.w	r1, #119	; 0x77
   b49c8:	f7ff fc30 	bl	b422c <system_ctrl_set_result>
}
   b49cc:	b003      	add	sp, #12
   b49ce:	f85d fb04 	ldr.w	pc, [sp], #4
	...

000b49d4 <_ZL20ctrl_request_handlerP12ctrl_request>:
static void ctrl_request_handler(ctrl_request* req) {
   b49d4:	b507      	push	{r0, r1, r2, lr}
    switch (req->type) {
   b49d6:	8843      	ldrh	r3, [r0, #2]
   b49d8:	2b0a      	cmp	r3, #10
   b49da:	d008      	beq.n	b49ee <_ZL20ctrl_request_handlerP12ctrl_request+0x1a>
   b49dc:	2b50      	cmp	r3, #80	; 0x50
   b49de:	d10b      	bne.n	b49f8 <_ZL20ctrl_request_handlerP12ctrl_request+0x24>
        if (log_process_ctrl_request_callback) {
   b49e0:	4b09      	ldr	r3, [pc, #36]	; (b4a08 <_ZL20ctrl_request_handlerP12ctrl_request+0x34>)
   b49e2:	681b      	ldr	r3, [r3, #0]
   b49e4:	b14b      	cbz	r3, b49fa <_ZL20ctrl_request_handlerP12ctrl_request+0x26>
}
   b49e6:	b003      	add	sp, #12
   b49e8:	f85d eb04 	ldr.w	lr, [sp], #4
            log_process_ctrl_request_callback(req);
   b49ec:	4718      	bx	r3
        ctrl_request_custom_handler(req);
   b49ee:	f7ff ffe5 	bl	b49bc <_Z27ctrl_request_custom_handlerP12ctrl_request>
}
   b49f2:	b003      	add	sp, #12
   b49f4:	f85d fb04 	ldr.w	pc, [sp], #4
        system_ctrl_set_result(req, SYSTEM_ERROR_NOT_SUPPORTED, nullptr, nullptr, nullptr);
   b49f8:	2300      	movs	r3, #0
   b49fa:	9300      	str	r3, [sp, #0]
   b49fc:	461a      	mov	r2, r3
   b49fe:	f06f 0177 	mvn.w	r1, #119	; 0x77
   b4a02:	f7ff fc13 	bl	b422c <system_ctrl_set_result>
}
   b4a06:	e7f4      	b.n	b49f2 <_ZL20ctrl_request_handlerP12ctrl_request+0x1e>
   b4a08:	2003e73c 	.word	0x2003e73c

000b4a0c <module_user_init_hook>:
{
   b4a0c:	b510      	push	{r4, lr}
    newlib_impure_ptr_callback([](struct _reent* r, size_t size, uint32_t version, void* ctx) -> void {
   b4a0e:	4812      	ldr	r0, [pc, #72]	; (b4a58 <module_user_init_hook+0x4c>)
   b4a10:	2100      	movs	r1, #0
   b4a12:	f7ff fc95 	bl	b4340 <newlib_impure_ptr_callback>
#endif // HAL_PLATFORM_NEWLIB

#if HAL_PLATFORM_BACKUP_RAM
    backup_ram_was_valid_ = __backup_sram_signature == signature;
   b4a16:	4b11      	ldr	r3, [pc, #68]	; (b4a5c <module_user_init_hook+0x50>)
   b4a18:	681a      	ldr	r2, [r3, #0]
   b4a1a:	4b11      	ldr	r3, [pc, #68]	; (b4a60 <module_user_init_hook+0x54>)
   b4a1c:	429a      	cmp	r2, r3
   b4a1e:	4b11      	ldr	r3, [pc, #68]	; (b4a64 <module_user_init_hook+0x58>)
   b4a20:	bf0c      	ite	eq
   b4a22:	2201      	moveq	r2, #1
   b4a24:	2200      	movne	r2, #0
   b4a26:	701a      	strb	r2, [r3, #0]
    if (!backup_ram_was_valid_) {
   b4a28:	d001      	beq.n	b4a2e <module_user_init_hook+0x22>
        system_initialize_user_backup_ram();
   b4a2a:	f7ff ffb1 	bl	b4990 <_Z33system_initialize_user_backup_ramv>
    }
#endif

#if HAL_PLATFORM_RNG
    // Initialize the default stdlib PRNG using hardware RNG as a seed
    const uint32_t seed = HAL_RNG_GetRandomNumber();
   b4a2e:	f7ff fb53 	bl	b40d8 <HAL_RNG_GetRandomNumber>
   b4a32:	4604      	mov	r4, r0
    srand(seed);
   b4a34:	f000 f87a 	bl	b4b2c <srand>

    // If the user defines random_seed_from_cloud, call it with a seed value
    // generated by a hardware RNG as well.
    if (random_seed_from_cloud) {
   b4a38:	4b0b      	ldr	r3, [pc, #44]	; (b4a68 <module_user_init_hook+0x5c>)
   b4a3a:	b113      	cbz	r3, b4a42 <module_user_init_hook+0x36>
        random_seed_from_cloud(seed);
   b4a3c:	4620      	mov	r0, r4
   b4a3e:	f3af 8000 	nop.w
    }
#endif
    // Register the random_seed_from_cloud handler
    spark_set_random_seed_from_cloud_handler(&random_seed_from_cloud, nullptr);
   b4a42:	2100      	movs	r1, #0
   b4a44:	4808      	ldr	r0, [pc, #32]	; (b4a68 <module_user_init_hook+0x5c>)
   b4a46:	f7ff fbfb 	bl	b4240 <spark_set_random_seed_from_cloud_handler>

    // Register application handler for the control requests
    system_ctrl_set_app_request_handler(ctrl_request_handler, nullptr);
}
   b4a4a:	e8bd 4010 	ldmia.w	sp!, {r4, lr}
    system_ctrl_set_app_request_handler(ctrl_request_handler, nullptr);
   b4a4e:	4807      	ldr	r0, [pc, #28]	; (b4a6c <module_user_init_hook+0x60>)
   b4a50:	2100      	movs	r1, #0
   b4a52:	f7ff bbe1 	b.w	b4218 <system_ctrl_set_app_request_handler>
   b4a56:	bf00      	nop
   b4a58:	000b4939 	.word	0x000b4939
   b4a5c:	2003f400 	.word	0x2003f400
   b4a60:	9a271c1e 	.word	0x9a271c1e
   b4a64:	2003e738 	.word	0x2003e738
   b4a68:	00000000 	.word	0x00000000
   b4a6c:	000b49d5 	.word	0x000b49d5

000b4a70 <__tcf_0>:
}
#endif

USARTSerial& __fetch_global_Serial1()
{
    static USARTSerial serial1(HAL_USART_SERIAL1, acquireSerial1Buffer());
   b4a70:	4770      	bx	lr
	...

000b4a74 <_Z20acquireSerial1Bufferv>:
{
   b4a74:	b538      	push	{r3, r4, r5, lr}
   b4a76:	4604      	mov	r4, r0
    hal_usart_buffer_config_t config = {
   b4a78:	2514      	movs	r5, #20
   b4a7a:	462a      	mov	r2, r5
   b4a7c:	2100      	movs	r1, #0
   b4a7e:	f000 f84d 	bl	b4b1c <memset>
   b4a82:	8025      	strh	r5, [r4, #0]
   b4a84:	2540      	movs	r5, #64	; 0x40
        .rx_buffer = new (std::nothrow) uint8_t[bufferSize],
   b4a86:	4907      	ldr	r1, [pc, #28]	; (b4aa4 <_Z20acquireSerial1Bufferv+0x30>)
    hal_usart_buffer_config_t config = {
   b4a88:	8125      	strh	r5, [r4, #8]
        .rx_buffer = new (std::nothrow) uint8_t[bufferSize],
   b4a8a:	4628      	mov	r0, r5
    hal_usart_buffer_config_t config = {
   b4a8c:	8225      	strh	r5, [r4, #16]
        .rx_buffer = new (std::nothrow) uint8_t[bufferSize],
   b4a8e:	f000 f82f 	bl	b4af0 <_ZnajRKSt9nothrow_t>
        .tx_buffer = new (std::nothrow) uint8_t[bufferSize],
   b4a92:	4904      	ldr	r1, [pc, #16]	; (b4aa4 <_Z20acquireSerial1Bufferv+0x30>)
    };
   b4a94:	6060      	str	r0, [r4, #4]
        .tx_buffer = new (std::nothrow) uint8_t[bufferSize],
   b4a96:	4628      	mov	r0, r5
   b4a98:	f000 f82a 	bl	b4af0 <_ZnajRKSt9nothrow_t>
    };
   b4a9c:	60e0      	str	r0, [r4, #12]
}
   b4a9e:	4620      	mov	r0, r4
   b4aa0:	bd38      	pop	{r3, r4, r5, pc}
   b4aa2:	bf00      	nop
   b4aa4:	000b4db0 	.word	0x000b4db0

000b4aa8 <_Z22__fetch_global_Serial1v>:
{
   b4aa8:	b530      	push	{r4, r5, lr}
    static USARTSerial serial1(HAL_USART_SERIAL1, acquireSerial1Buffer());
   b4aaa:	4d0e      	ldr	r5, [pc, #56]	; (b4ae4 <_Z22__fetch_global_Serial1v+0x3c>)
   b4aac:	7829      	ldrb	r1, [r5, #0]
   b4aae:	f3bf 8f5b 	dmb	ish
   b4ab2:	f011 0401 	ands.w	r4, r1, #1
{
   b4ab6:	b087      	sub	sp, #28
    static USARTSerial serial1(HAL_USART_SERIAL1, acquireSerial1Buffer());
   b4ab8:	d111      	bne.n	b4ade <_Z22__fetch_global_Serial1v+0x36>
   b4aba:	4628      	mov	r0, r5
   b4abc:	f7ff faf5 	bl	b40aa <__cxa_guard_acquire>
   b4ac0:	b168      	cbz	r0, b4ade <_Z22__fetch_global_Serial1v+0x36>
   b4ac2:	a801      	add	r0, sp, #4
   b4ac4:	f7ff ffd6 	bl	b4a74 <_Z20acquireSerial1Bufferv>
   b4ac8:	aa01      	add	r2, sp, #4
   b4aca:	4621      	mov	r1, r4
   b4acc:	4806      	ldr	r0, [pc, #24]	; (b4ae8 <_Z22__fetch_global_Serial1v+0x40>)
   b4ace:	f7ff fe61 	bl	b4794 <_ZN11USARTSerialC1E21hal_usart_interface_tRK25hal_usart_buffer_config_t>
   b4ad2:	4628      	mov	r0, r5
   b4ad4:	f7ff faee 	bl	b40b4 <__cxa_guard_release>
   b4ad8:	4804      	ldr	r0, [pc, #16]	; (b4aec <_Z22__fetch_global_Serial1v+0x44>)
   b4ada:	f000 f80b 	bl	b4af4 <atexit>
    return serial1;
}
   b4ade:	4802      	ldr	r0, [pc, #8]	; (b4ae8 <_Z22__fetch_global_Serial1v+0x40>)
   b4ae0:	b007      	add	sp, #28
   b4ae2:	bd30      	pop	{r4, r5, pc}
   b4ae4:	2003e744 	.word	0x2003e744
   b4ae8:	2003e748 	.word	0x2003e748
   b4aec:	000b4a71 	.word	0x000b4a71

000b4af0 <_ZnajRKSt9nothrow_t>:
   b4af0:	f7ff bad7 	b.w	b40a2 <_Znaj>

000b4af4 <atexit>:
   b4af4:	2300      	movs	r3, #0
   b4af6:	4601      	mov	r1, r0
   b4af8:	461a      	mov	r2, r3
   b4afa:	4618      	mov	r0, r3
   b4afc:	f000 b844 	b.w	b4b88 <__register_exitproc>

000b4b00 <memcpy>:
   b4b00:	440a      	add	r2, r1
   b4b02:	4291      	cmp	r1, r2
   b4b04:	f100 33ff 	add.w	r3, r0, #4294967295	; 0xffffffff
   b4b08:	d100      	bne.n	b4b0c <memcpy+0xc>
   b4b0a:	4770      	bx	lr
   b4b0c:	b510      	push	{r4, lr}
   b4b0e:	f811 4b01 	ldrb.w	r4, [r1], #1
   b4b12:	f803 4f01 	strb.w	r4, [r3, #1]!
   b4b16:	4291      	cmp	r1, r2
   b4b18:	d1f9      	bne.n	b4b0e <memcpy+0xe>
   b4b1a:	bd10      	pop	{r4, pc}

000b4b1c <memset>:
   b4b1c:	4402      	add	r2, r0
   b4b1e:	4603      	mov	r3, r0
   b4b20:	4293      	cmp	r3, r2
   b4b22:	d100      	bne.n	b4b26 <memset+0xa>
   b4b24:	4770      	bx	lr
   b4b26:	f803 1b01 	strb.w	r1, [r3], #1
   b4b2a:	e7f9      	b.n	b4b20 <memset+0x4>

000b4b2c <srand>:
   b4b2c:	b538      	push	{r3, r4, r5, lr}
   b4b2e:	4b10      	ldr	r3, [pc, #64]	; (b4b70 <srand+0x44>)
   b4b30:	681d      	ldr	r5, [r3, #0]
   b4b32:	6bab      	ldr	r3, [r5, #56]	; 0x38
   b4b34:	4604      	mov	r4, r0
   b4b36:	b9b3      	cbnz	r3, b4b66 <srand+0x3a>
   b4b38:	2018      	movs	r0, #24
   b4b3a:	f7ff fbe9 	bl	b4310 <malloc>
   b4b3e:	4602      	mov	r2, r0
   b4b40:	63a8      	str	r0, [r5, #56]	; 0x38
   b4b42:	b920      	cbnz	r0, b4b4e <srand+0x22>
   b4b44:	4b0b      	ldr	r3, [pc, #44]	; (b4b74 <srand+0x48>)
   b4b46:	480c      	ldr	r0, [pc, #48]	; (b4b78 <srand+0x4c>)
   b4b48:	2142      	movs	r1, #66	; 0x42
   b4b4a:	f7ff fbf1 	bl	b4330 <__assert_func>
   b4b4e:	490b      	ldr	r1, [pc, #44]	; (b4b7c <srand+0x50>)
   b4b50:	4b0b      	ldr	r3, [pc, #44]	; (b4b80 <srand+0x54>)
   b4b52:	e9c0 1300 	strd	r1, r3, [r0]
   b4b56:	4b0b      	ldr	r3, [pc, #44]	; (b4b84 <srand+0x58>)
   b4b58:	6083      	str	r3, [r0, #8]
   b4b5a:	230b      	movs	r3, #11
   b4b5c:	8183      	strh	r3, [r0, #12]
   b4b5e:	2100      	movs	r1, #0
   b4b60:	2001      	movs	r0, #1
   b4b62:	e9c2 0104 	strd	r0, r1, [r2, #16]
   b4b66:	6bab      	ldr	r3, [r5, #56]	; 0x38
   b4b68:	2200      	movs	r2, #0
   b4b6a:	611c      	str	r4, [r3, #16]
   b4b6c:	615a      	str	r2, [r3, #20]
   b4b6e:	bd38      	pop	{r3, r4, r5, pc}
   b4b70:	2003e674 	.word	0x2003e674
   b4b74:	000b4db1 	.word	0x000b4db1
   b4b78:	000b4dc8 	.word	0x000b4dc8
   b4b7c:	abcd330e 	.word	0xabcd330e
   b4b80:	e66d1234 	.word	0xe66d1234
   b4b84:	0005deec 	.word	0x0005deec

000b4b88 <__register_exitproc>:
   b4b88:	e92d 43f8 	stmdb	sp!, {r3, r4, r5, r6, r7, r8, r9, lr}
   b4b8c:	f8df 80b8 	ldr.w	r8, [pc, #184]	; b4c48 <__register_exitproc+0xc0>
   b4b90:	4606      	mov	r6, r0
   b4b92:	f8d8 0000 	ldr.w	r0, [r8]
   b4b96:	461f      	mov	r7, r3
   b4b98:	460d      	mov	r5, r1
   b4b9a:	4691      	mov	r9, r2
   b4b9c:	f000 f856 	bl	b4c4c <__retarget_lock_acquire_recursive>
   b4ba0:	4b25      	ldr	r3, [pc, #148]	; (b4c38 <__register_exitproc+0xb0>)
   b4ba2:	681c      	ldr	r4, [r3, #0]
   b4ba4:	b934      	cbnz	r4, b4bb4 <__register_exitproc+0x2c>
   b4ba6:	4c25      	ldr	r4, [pc, #148]	; (b4c3c <__register_exitproc+0xb4>)
   b4ba8:	601c      	str	r4, [r3, #0]
   b4baa:	4b25      	ldr	r3, [pc, #148]	; (b4c40 <__register_exitproc+0xb8>)
   b4bac:	b113      	cbz	r3, b4bb4 <__register_exitproc+0x2c>
   b4bae:	681b      	ldr	r3, [r3, #0]
   b4bb0:	f8c4 3088 	str.w	r3, [r4, #136]	; 0x88
   b4bb4:	6863      	ldr	r3, [r4, #4]
   b4bb6:	2b1f      	cmp	r3, #31
   b4bb8:	dd07      	ble.n	b4bca <__register_exitproc+0x42>
   b4bba:	f8d8 0000 	ldr.w	r0, [r8]
   b4bbe:	f000 f847 	bl	b4c50 <__retarget_lock_release_recursive>
   b4bc2:	f04f 30ff 	mov.w	r0, #4294967295	; 0xffffffff
   b4bc6:	e8bd 83f8 	ldmia.w	sp!, {r3, r4, r5, r6, r7, r8, r9, pc}
   b4bca:	b34e      	cbz	r6, b4c20 <__register_exitproc+0x98>
   b4bcc:	f8d4 0088 	ldr.w	r0, [r4, #136]	; 0x88
   b4bd0:	b988      	cbnz	r0, b4bf6 <__register_exitproc+0x6e>
   b4bd2:	4b1c      	ldr	r3, [pc, #112]	; (b4c44 <__register_exitproc+0xbc>)
   b4bd4:	b923      	cbnz	r3, b4be0 <__register_exitproc+0x58>
   b4bd6:	f8d8 0000 	ldr.w	r0, [r8]
   b4bda:	f000 f838 	bl	b4c4e <__retarget_lock_release>
   b4bde:	e7f0      	b.n	b4bc2 <__register_exitproc+0x3a>
   b4be0:	f44f 7084 	mov.w	r0, #264	; 0x108
   b4be4:	f7ff fb94 	bl	b4310 <malloc>
   b4be8:	2800      	cmp	r0, #0
   b4bea:	d0f4      	beq.n	b4bd6 <__register_exitproc+0x4e>
   b4bec:	2300      	movs	r3, #0
   b4bee:	e9c0 3340 	strd	r3, r3, [r0, #256]	; 0x100
   b4bf2:	f8c4 0088 	str.w	r0, [r4, #136]	; 0x88
   b4bf6:	6863      	ldr	r3, [r4, #4]
   b4bf8:	f840 9023 	str.w	r9, [r0, r3, lsl #2]
   b4bfc:	2201      	movs	r2, #1
   b4bfe:	409a      	lsls	r2, r3
   b4c00:	eb00 0183 	add.w	r1, r0, r3, lsl #2
   b4c04:	f8d0 3100 	ldr.w	r3, [r0, #256]	; 0x100
   b4c08:	4313      	orrs	r3, r2
   b4c0a:	f8c0 3100 	str.w	r3, [r0, #256]	; 0x100
   b4c0e:	2e02      	cmp	r6, #2
   b4c10:	f8c1 7080 	str.w	r7, [r1, #128]	; 0x80
   b4c14:	bf02      	ittt	eq
   b4c16:	f8d0 3104 	ldreq.w	r3, [r0, #260]	; 0x104
   b4c1a:	4313      	orreq	r3, r2
   b4c1c:	f8c0 3104 	streq.w	r3, [r0, #260]	; 0x104
   b4c20:	6863      	ldr	r3, [r4, #4]
   b4c22:	f8d8 0000 	ldr.w	r0, [r8]
   b4c26:	1c5a      	adds	r2, r3, #1
   b4c28:	3302      	adds	r3, #2
   b4c2a:	6062      	str	r2, [r4, #4]
   b4c2c:	f844 5023 	str.w	r5, [r4, r3, lsl #2]
   b4c30:	f000 f80e 	bl	b4c50 <__retarget_lock_release_recursive>
   b4c34:	2000      	movs	r0, #0
   b4c36:	e7c6      	b.n	b4bc6 <__register_exitproc+0x3e>
   b4c38:	2003e7e8 	.word	0x2003e7e8
   b4c3c:	2003e75c 	.word	0x2003e75c
   b4c40:	00000000 	.word	0x00000000
   b4c44:	000b4311 	.word	0x000b4311
   b4c48:	2003e6d8 	.word	0x2003e6d8

000b4c4c <__retarget_lock_acquire_recursive>:
   b4c4c:	4770      	bx	lr

000b4c4e <__retarget_lock_release>:
   b4c4e:	4770      	bx	lr

000b4c50 <__retarget_lock_release_recursive>:
   b4c50:	4770      	bx	lr

000b4c52 <link_code_end>:
	...

000b4c54 <dynalib_user>:
   b4c54:	402d 000b 4069 000b 4091 000b 4095 000b     -@..i@...@...@..
   b4c64:	0000 0000                                   ....

000b4c68 <_ZTVN5spark13EthernetClassE>:
	...
   b4c70:	43bf 000b 43b5 000b 43ab 000b 43a1 000b     .C...C...C...C..
   b4c80:	4395 000b 4389 000b 451d 000b 4525 000b     .C...C...E..%E..
   b4c90:	437d 000b 4375 000b 436b 000b 4361 000b     }C..uC..kC..aC..
   b4ca0:	4555 000b                                   UE..

000b4ca4 <_ZTV9IPAddress>:
	...
   b4cac:	43ed 000b 43dd 000b 43df 000b 7061 0070     .C...C...C..app.

000b4cbc <_ZTVN5spark12NetworkClassE>:
	...
   b4cc4:	44dd 000b 44e7 000b 44f1 000b 44fb 000b     .D...D...D...D..
   b4cd4:	4505 000b 4511 000b 451d 000b 4525 000b     .E...E...E..%E..
   b4ce4:	452d 000b 4539 000b 4541 000b 454b 000b     -E..9E..AE..KE..
   b4cf4:	4555 000b 5925 252d 2d6d 6425 2554 3a48     UE..%Y-%m-%dT%H:
   b4d04:	4d25 253a 2553 007a 7361 7463 6d69 0065     %M:%S%z.asctime.

000b4d14 <_ZTV11USARTSerial>:
	...
   b4d1c:	4719 000b 4785 000b 475d 000b 4641 000b     .G...G..]G..AF..
   b4d2c:	472d 000b 4749 000b 473b 000b 4757 000b     -G..IG..;G..WG..
   b4d3c:	471b 000b 471f 000b                         .G...G..

000b4d44 <_ZTV9USBSerial>:
	...
   b4d4c:	47c3 000b 482b 000b 4801 000b 4641 000b     .G..+H...H..AF..
   b4d5c:	47f3 000b 47c5 000b 47d5 000b 4825 000b     .G...G...G..%H..
   b4d6c:	47e5 000b 47bd 000b                         .G...G..

000b4d74 <_ZTVN5spark9WiFiClassE>:
	...
   b4d7c:	491b 000b 4911 000b 4907 000b 48bd 000b     .I...I...I...H..
   b4d8c:	48fb 000b 48ef 000b 451d 000b 4525 000b     .H...H...E..%E..
   b4d9c:	48e3 000b 48db 000b 48d1 000b 48c7 000b     .H...H...H...H..
   b4dac:	4555 000b                                   UE..

000b4db0 <_ZSt7nothrow>:
   b4db0:	5200 4545 544e 6d20 6c61 6f6c 2063 7573     .REENT malloc su
   b4dc0:	6363 6565 6564 0064 742f 706d 6a2f 6e65     cceeded./tmp/jen
   b4dd0:	696b 736e 472d 4343 312d 2d30 6970 6570     kins-GCC-10-pipe
   b4de0:	696c 656e 342d 5f38 3032 3032 3131 3432     line-48_20201124
   b4df0:	315f 3036 3136 3038 3336 2f39 7273 2f63     _1606180639/src/
   b4e00:	656e 6c77 6269 6e2f 7765 696c 2f62 696c     newlib/newlib/li
   b4e10:	6362 732f 6474 696c 2f62 6172 646e 632e     bc/stdlib/rand.c
	...

000b4e21 <link_const_data_end>:
   b4e21:	00          	.byte	0x00
	...

000b4e24 <link_constructors_location>:
   b4e24:	000b40bf 	.word	0x000b40bf
   b4e28:	000b4351 	.word	0x000b4351
   b4e2c:	000b43c9 	.word	0x000b43c9
   b4e30:	000b44cd 	.word	0x000b44cd
   b4e34:	000b462d 	.word	0x000b462d
   b4e38:	000b46d5 	.word	0x000b46d5
   b4e3c:	000b46e1 	.word	0x000b46e1
   b4e40:	000b4705 	.word	0x000b4705
   b4e44:	000b4925 	.word	0x000b4925
